{"C:\\Applications\\Cheetah-Payroll\\src\\core\\config\\env.config.ts": {"path":"C:\\Applications\\Cheetah-Payroll\\src\\core\\config\\env.config.ts","statementMap":{"0":{"start":{"line":59,"column":0},"end":{"line":59,"column":16}},"1":{"start":{"line":29,"column":12},"end":{"line":39,"column":2}},"2":{"start":{"line":42,"column":19},"end":{"line":49,"column":4}},"3":{"start":{"line":51,"column":18},"end":{"line":51,"column":71}},"4":{"start":{"line":51,"column":41},"end":{"line":51,"column":70}},"5":{"start":{"line":53,"column":2},"end":{"line":56,"column":3}},"6":{"start":{"line":54,"column":4},"end":{"line":54,"column":73}},"7":{"start":{"line":55,"column":4},"end":{"line":55,"column":99}},"8":{"start":{"line":60,"column":2},"end":{"line":60,"column":16}},"9":{"start":{"line":62,"column":2},"end":{"line":83,"column":4}},"10":{"start":{"line":86,"column":13},"end":{"line":86,"column":34}}},"fnMap":{"0":{"name":"validateEnv","decl":{"start":{"line":41,"column":9},"end":{"line":41,"column":20}},"loc":{"start":{"line":41,"column":20},"end":{"line":57,"column":1}}},"1":{"name":"(anonymous_1)","decl":{"start":{"line":51,"column":34},"end":{"line":51,"column":37}},"loc":{"start":{"line":51,"column":41},"end":{"line":51,"column":70}}},"2":{"name":"getConfig","decl":{"start":{"line":59,"column":16},"end":{"line":59,"column":25}},"loc":{"start":{"line":59,"column":25},"end":{"line":84,"column":1}}}},"branchMap":{"0":{"loc":{"start":{"line":30,"column":12},"end":{"line":30,"column":49}},"type":"binary-expr","locations":[{"start":{"line":30,"column":12},"end":{"line":30,"column":32}},{"start":{"line":30,"column":36},"end":{"line":30,"column":49}}]},"1":{"loc":{"start":{"line":37,"column":21},"end":{"line":37,"column":61}},"type":"binary-expr","locations":[{"start":{"line":37,"column":21},"end":{"line":37,"column":50}},{"start":{"line":37,"column":54},"end":{"line":37,"column":61}}]},"2":{"loc":{"start":{"line":38,"column":22},"end":{"line":38,"column":79}},"type":"binary-expr","locations":[{"start":{"line":38,"column":22},"end":{"line":38,"column":52}},{"start":{"line":38,"column":56},"end":{"line":38,"column":79}}]},"3":{"loc":{"start":{"line":53,"column":2},"end":{"line":56,"column":3}},"type":"if","locations":[{"start":{"line":53,"column":2},"end":{"line":56,"column":3}}]},"4":{"loc":{"start":{"line":67,"column":14},"end":{"line":67,"column":62}},"type":"binary-expr","locations":[{"start":{"line":67,"column":14},"end":{"line":67,"column":44}},{"start":{"line":67,"column":48},"end":{"line":67,"column":62}}]},"5":{"loc":{"start":{"line":68,"column":18},"end":{"line":68,"column":86}},"type":"binary-expr","locations":[{"start":{"line":68,"column":18},"end":{"line":68,"column":52}},{"start":{"line":68,"column":56},"end":{"line":68,"column":86}}]},"6":{"loc":{"start":{"line":69,"column":17},"end":{"line":69,"column":68}},"type":"binary-expr","locations":[{"start":{"line":69,"column":17},"end":{"line":69,"column":50}},{"start":{"line":69,"column":54},"end":{"line":69,"column":68}}]},"7":{"loc":{"start":{"line":70,"column":21},"end":{"line":70,"column":88}},"type":"binary-expr","locations":[{"start":{"line":70,"column":21},"end":{"line":70,"column":58}},{"start":{"line":70,"column":62},"end":{"line":70,"column":88}}]},"8":{"loc":{"start":{"line":71,"column":25},"end":{"line":71,"column":82}},"type":"binary-expr","locations":[{"start":{"line":71,"column":25},"end":{"line":71,"column":67}},{"start":{"line":71,"column":71},"end":{"line":71,"column":82}}]},"9":{"loc":{"start":{"line":72,"column":13},"end":{"line":72,"column":76}},"type":"binary-expr","locations":[{"start":{"line":72,"column":13},"end":{"line":72,"column":42}},{"start":{"line":72,"column":46},"end":{"line":72,"column":76}}]},"10":{"loc":{"start":{"line":80,"column":13},"end":{"line":80,"column":61}},"type":"cond-expr","locations":[{"start":{"line":80,"column":45},"end":{"line":80,"column":51}},{"start":{"line":80,"column":54},"end":{"line":80,"column":61}}]}},"s":{"0":1,"1":1,"2":1,"3":1,"4":6,"5":1,"6":1,"7":1,"8":1,"9":1,"10":1},"f":{"0":1,"1":6,"2":1},"b":{"0":[1,0],"1":[1,1],"2":[1,1],"3":[1],"4":[1,1],"5":[1,1],"6":[1,1],"7":[1,1],"8":[1,1],"9":[1,1],"10":[0,1]}}
,"C:\\Applications\\Cheetah-Payroll\\src\\core\\providers\\AppProvider.tsx": {"path":"C:\\Applications\\Cheetah-Payroll\\src\\core\\providers\\AppProvider.tsx","statementMap":{"0":{"start":{"line":7,"column":0},"end":{"line":7,"column":70}},"1":{"start":{"line":8,"column":0},"end":{"line":8,"column":48}},"2":{"start":{"line":9,"column":0},"end":{"line":9,"column":46}},"3":{"start":{"line":10,"column":0},"end":{"line":10,"column":51}},"4":{"start":{"line":16,"column":55},"end":{"line":30,"column":1}},"5":{"start":{"line":17,"column":22},"end":{"line":21,"column":3}},"6":{"start":{"line":18,"column":4},"end":{"line":20,"column":7}},"7":{"start":{"line":23,"column":2},"end":{"line":29,"column":4}},"8":{"start":{"line":16,"column":13},"end":{"line":16,"column":55}},"9":{"start":{"line":32,"column":0},"end":{"line":32,"column":27}}},"fnMap":{"0":{"name":"(anonymous_0)","decl":{"start":{"line":16,"column":55},"end":{"line":16,"column":56}},"loc":{"start":{"line":16,"column":72},"end":{"line":30,"column":1}}},"1":{"name":"(anonymous_1)","decl":{"start":{"line":17,"column":22},"end":{"line":17,"column":23}},"loc":{"start":{"line":17,"column":67},"end":{"line":21,"column":3}}}},"branchMap":{},"s":{"0":2,"1":2,"2":2,"3":2,"4":2,"5":13,"6":0,"7":13,"8":2,"9":2},"f":{"0":13,"1":0},"b":{}}
,"C:\\Applications\\Cheetah-Payroll\\src\\core\\providers\\AuthProvider.tsx": {"path":"C:\\Applications\\Cheetah-Payroll\\src\\core\\providers\\AuthProvider.tsx","statementMap":{"0":{"start":{"line":6,"column":0},"end":{"line":6,"column":68}},"1":{"start":{"line":7,"column":0},"end":{"line":7,"column":53}},"2":{"start":{"line":18,"column":20},"end":{"line":18,"column":73}},"3":{"start":{"line":24,"column":57},"end":{"line":28,"column":1}},"4":{"start":{"line":25,"column":20},"end":{"line":25,"column":29}},"5":{"start":{"line":27,"column":2},"end":{"line":27,"column":83}},"6":{"start":{"line":24,"column":13},"end":{"line":24,"column":57}},"7":{"start":{"line":30,"column":30},"end":{"line":36,"column":1}},"8":{"start":{"line":31,"column":18},"end":{"line":31,"column":41}},"9":{"start":{"line":32,"column":2},"end":{"line":34,"column":3}},"10":{"start":{"line":33,"column":4},"end":{"line":33,"column":74}},"11":{"start":{"line":35,"column":2},"end":{"line":35,"column":17}},"12":{"start":{"line":30,"column":13},"end":{"line":30,"column":30}},"13":{"start":{"line":38,"column":0},"end":{"line":38,"column":28}}},"fnMap":{"0":{"name":"(anonymous_0)","decl":{"start":{"line":24,"column":57},"end":{"line":24,"column":58}},"loc":{"start":{"line":24,"column":74},"end":{"line":28,"column":1}}},"1":{"name":"(anonymous_1)","decl":{"start":{"line":30,"column":30},"end":{"line":30,"column":50}},"loc":{"start":{"line":30,"column":52},"end":{"line":36,"column":1}}}},"branchMap":{"0":{"loc":{"start":{"line":32,"column":2},"end":{"line":34,"column":3}},"type":"if","locations":[{"start":{"line":32,"column":2},"end":{"line":34,"column":3}}]}},"s":{"0":2,"1":2,"2":2,"3":2,"4":23,"5":23,"6":2,"7":2,"8":7,"9":7,"10":0,"11":7,"12":2,"13":2},"f":{"0":23,"1":7},"b":{"0":[0]}}
,"C:\\Applications\\Cheetah-Payroll\\src\\core\\providers\\ThemeProvider.tsx": {"path":"C:\\Applications\\Cheetah-Payroll\\src\\core\\providers\\ThemeProvider.tsx","statementMap":{"0":{"start":{"line":6,"column":0},"end":{"line":6,"column":79}},"1":{"start":{"line":7,"column":0},"end":{"line":7,"column":77}},"2":{"start":{"line":8,"column":0},"end":{"line":8,"column":51}},"3":{"start":{"line":21,"column":21},"end":{"line":21,"column":75}},"4":{"start":{"line":32,"column":59},"end":{"line":76,"column":1}},"5":{"start":{"line":40,"column":21},"end":{"line":46,"column":4}},"6":{"start":{"line":49,"column":2},"end":{"line":61,"column":9}},"7":{"start":{"line":50,"column":25},"end":{"line":58,"column":5}},"8":{"start":{"line":51,"column":6},"end":{"line":57,"column":7}},"9":{"start":{"line":53,"column":8},"end":{"line":53,"column":55}},"10":{"start":{"line":53,"column":8},"end":{"line":53,"column":54}},"11":{"start":{"line":54,"column":8},"end":{"line":54,"column":54}},"12":{"start":{"line":56,"column":8},"end":{"line":56,"column":65}},"13":{"start":{"line":60,"column":4},"end":{"line":60,"column":19}},"14":{"start":{"line":64,"column":2},"end":{"line":73,"column":75}},"15":{"start":{"line":65,"column":4},"end":{"line":72,"column":5}},"16":{"start":{"line":66,"column":6},"end":{"line":71,"column":9}},"17":{"start":{"line":75,"column":2},"end":{"line":75,"column":86}},"18":{"start":{"line":32,"column":13},"end":{"line":32,"column":59}},"19":{"start":{"line":78,"column":31},"end":{"line":84,"column":1}},"20":{"start":{"line":79,"column":18},"end":{"line":79,"column":42}},"21":{"start":{"line":80,"column":2},"end":{"line":82,"column":3}},"22":{"start":{"line":81,"column":4},"end":{"line":81,"column":75}},"23":{"start":{"line":83,"column":2},"end":{"line":83,"column":17}},"24":{"start":{"line":78,"column":13},"end":{"line":78,"column":31}},"25":{"start":{"line":87,"column":30},"end":{"line":114,"column":1}},"26":{"start":{"line":88,"column":18},"end":{"line":88,"column":35}},"27":{"start":{"line":90,"column":2},"end":{"line":113,"column":4}},"28":{"start":{"line":96,"column":6},"end":{"line":96,"column":51}},"29":{"start":{"line":96,"column":41},"end":{"line":96,"column":51}},"30":{"start":{"line":97,"column":6},"end":{"line":97,"column":79}},"31":{"start":{"line":102,"column":6},"end":{"line":102,"column":51}},"32":{"start":{"line":102,"column":41},"end":{"line":102,"column":51}},"33":{"start":{"line":103,"column":6},"end":{"line":103,"column":97}},"34":{"start":{"line":111,"column":6},"end":{"line":111,"column":53}},"35":{"start":{"line":87,"column":13},"end":{"line":87,"column":30}},"36":{"start":{"line":116,"column":0},"end":{"line":116,"column":29}}},"fnMap":{"0":{"name":"(anonymous_9)","decl":{"start":{"line":32,"column":59},"end":{"line":32,"column":60}},"loc":{"start":{"line":39,"column":5},"end":{"line":76,"column":1}}},"1":{"name":"(anonymous_10)","decl":{"start":{"line":49,"column":12},"end":{"line":49,"column":15}},"loc":{"start":{"line":49,"column":17},"end":{"line":61,"column":3}}},"2":{"name":"(anonymous_11)","decl":{"start":{"line":50,"column":25},"end":{"line":50,"column":30}},"loc":{"start":{"line":50,"column":36},"end":{"line":58,"column":5}}},"3":{"name":"(anonymous_12)","decl":{"start":{"line":53,"column":8},"end":{"line":53,"column":21}},"loc":{"start":{"line":53,"column":8},"end":{"line":53,"column":54}}},"4":{"name":"(anonymous_13)","decl":{"start":{"line":64,"column":12},"end":{"line":64,"column":15}},"loc":{"start":{"line":64,"column":17},"end":{"line":73,"column":3}}},"5":{"name":"(anonymous_14)","decl":{"start":{"line":78,"column":31},"end":{"line":78,"column":52}},"loc":{"start":{"line":78,"column":54},"end":{"line":84,"column":1}}},"6":{"name":"(anonymous_15)","decl":{"start":{"line":87,"column":30},"end":{"line":87,"column":33}},"loc":{"start":{"line":87,"column":35},"end":{"line":114,"column":1}}},"7":{"name":"(anonymous_16)","decl":{"start":{"line":95,"column":20},"end":{"line":95,"column":21}},"loc":{"start":{"line":95,"column":37},"end":{"line":98,"column":5}}},"8":{"name":"(anonymous_17)","decl":{"start":{"line":101,"column":19},"end":{"line":101,"column":20}},"loc":{"start":{"line":101,"column":41},"end":{"line":104,"column":5}}},"9":{"name":"(anonymous_18)","decl":{"start":{"line":110,"column":16},"end":{"line":110,"column":21}},"loc":{"start":{"line":110,"column":55},"end":{"line":112,"column":5}}}},"branchMap":{"0":{"loc":{"start":{"line":34,"column":2},"end":{"line":34,"column":25}},"type":"default-arg","locations":[{"start":{"line":34,"column":17},"end":{"line":34,"column":25}}]},"1":{"loc":{"start":{"line":35,"column":2},"end":{"line":35,"column":21}},"type":"default-arg","locations":[{"start":{"line":35,"column":17},"end":{"line":35,"column":21}}]},"2":{"loc":{"start":{"line":36,"column":2},"end":{"line":36,"column":26}},"type":"default-arg","locations":[{"start":{"line":36,"column":22},"end":{"line":36,"column":26}}]},"3":{"loc":{"start":{"line":37,"column":2},"end":{"line":37,"column":38}},"type":"default-arg","locations":[{"start":{"line":37,"column":15},"end":{"line":37,"column":38}}]},"4":{"loc":{"start":{"line":38,"column":2},"end":{"line":38,"column":21}},"type":"default-arg","locations":[{"start":{"line":38,"column":14},"end":{"line":38,"column":21}}]},"5":{"loc":{"start":{"line":65,"column":4},"end":{"line":72,"column":5}},"type":"if","locations":[{"start":{"line":65,"column":4},"end":{"line":72,"column":5}}]},"6":{"loc":{"start":{"line":80,"column":2},"end":{"line":82,"column":3}},"type":"if","locations":[{"start":{"line":80,"column":2},"end":{"line":82,"column":3}}]},"7":{"loc":{"start":{"line":96,"column":6},"end":{"line":96,"column":51}},"type":"if","locations":[{"start":{"line":96,"column":6},"end":{"line":96,"column":51}}]},"8":{"loc":{"start":{"line":102,"column":6},"end":{"line":102,"column":51}},"type":"if","locations":[{"start":{"line":102,"column":6},"end":{"line":102,"column":51}}]},"9":{"loc":{"start":{"line":111,"column":13},"end":{"line":111,"column":52}},"type":"cond-expr","locations":[{"start":{"line":111,"column":30},"end":{"line":111,"column":39}},{"start":{"line":111,"column":42},"end":{"line":111,"column":52}}]}},"s":{"0":3,"1":3,"2":3,"3":3,"4":3,"5":14,"6":14,"7":10,"8":10,"9":10,"10":10,"11":0,"12":10,"13":10,"14":14,"15":10,"16":0,"17":14,"18":3,"19":3,"20":16,"21":16,"22":0,"23":16,"24":3,"25":3,"26":13,"27":13,"28":0,"29":0,"30":0,"31":0,"32":0,"33":0,"34":0,"35":3,"36":3},"f":{"0":14,"1":10,"2":10,"3":10,"4":10,"5":16,"6":13,"7":0,"8":0,"9":0},"b":{"0":[14],"1":[14],"2":[14],"3":[14],"4":[14],"5":[0],"6":[0],"7":[0],"8":[0],"9":[0,0]}}
,"C:\\Applications\\Cheetah-Payroll\\src\\core\\providers\\auth.provider.ts": {"path":"C:\\Applications\\Cheetah-Payroll\\src\\core\\providers\\auth.provider.ts","statementMap":{"0":{"start":{"line":6,"column":0},"end":{"line":6,"column":null}},"1":{"start":{"line":14,"column":0},"end":{"line":14,"column":70}},"2":{"start":{"line":15,"column":0},"end":{"line":15,"column":53}},"3":{"start":{"line":17,"column":0},"end":{"line":17,"column":51}},"4":{"start":{"line":19,"column":29},"end":{"line":21,"column":1}},"5":{"start":{"line":20,"column":2},"end":{"line":20,"column":44}},"6":{"start":{"line":19,"column":13},"end":{"line":19,"column":29}},"7":{"start":{"line":23,"column":26},"end":{"line":33,"column":1}},"8":{"start":{"line":24,"column":2},"end":{"line":32,"column":3}},"9":{"start":{"line":25,"column":4},"end":{"line":25,"column":57}},"10":{"start":{"line":26,"column":19},"end":{"line":26,"column":74}},"11":{"start":{"line":27,"column":4},"end":{"line":27,"column":73}},"12":{"start":{"line":28,"column":4},"end":{"line":28,"column":18}},"13":{"start":{"line":30,"column":4},"end":{"line":30,"column":70}},"14":{"start":{"line":31,"column":4},"end":{"line":31,"column":16}},"15":{"start":{"line":23,"column":13},"end":{"line":23,"column":26}},"16":{"start":{"line":35,"column":26},"end":{"line":68,"column":1}},"17":{"start":{"line":36,"column":2},"end":{"line":67,"column":3}},"18":{"start":{"line":37,"column":4},"end":{"line":37,"column":63}},"19":{"start":{"line":39,"column":21},"end":{"line":39,"column":80}},"20":{"start":{"line":42,"column":22},"end":{"line":42,"column":60}},"21":{"start":{"line":43,"column":24},"end":{"line":43,"column":39}},"22":{"start":{"line":44,"column":27},"end":{"line":44,"column":74}},"23":{"start":{"line":46,"column":4},"end":{"line":50,"column":7}},"24":{"start":{"line":53,"column":4},"end":{"line":60,"column":7}},"25":{"start":{"line":62,"column":4},"end":{"line":62,"column":75}},"26":{"start":{"line":63,"column":4},"end":{"line":63,"column":20}},"27":{"start":{"line":65,"column":4},"end":{"line":65,"column":76}},"28":{"start":{"line":66,"column":4},"end":{"line":66,"column":16}},"29":{"start":{"line":35,"column":13},"end":{"line":35,"column":26}},"30":{"start":{"line":70,"column":27},"end":{"line":79,"column":1}},"31":{"start":{"line":71,"column":2},"end":{"line":78,"column":3}},"32":{"start":{"line":72,"column":4},"end":{"line":72,"column":47}},"33":{"start":{"line":73,"column":4},"end":{"line":73,"column":24}},"34":{"start":{"line":74,"column":4},"end":{"line":74,"column":48}},"35":{"start":{"line":76,"column":4},"end":{"line":76,"column":60}},"36":{"start":{"line":77,"column":4},"end":{"line":77,"column":16}},"37":{"start":{"line":70,"column":13},"end":{"line":70,"column":27}},"38":{"start":{"line":81,"column":29},"end":{"line":90,"column":1}},"39":{"start":{"line":82,"column":2},"end":{"line":89,"column":3}},"40":{"start":{"line":83,"column":4},"end":{"line":83,"column":59}},"41":{"start":{"line":84,"column":4},"end":{"line":84,"column":46}},"42":{"start":{"line":85,"column":4},"end":{"line":85,"column":69}},"43":{"start":{"line":87,"column":4},"end":{"line":87,"column":83}},"44":{"start":{"line":88,"column":4},"end":{"line":88,"column":16}},"45":{"start":{"line":81,"column":13},"end":{"line":81,"column":29}},"46":{"start":{"line":93,"column":13},"end":{"line":93,"column":32}},"47":{"start":{"line":94,"column":13},"end":{"line":94,"column":34}},"48":{"start":{"line":95,"column":13},"end":{"line":95,"column":33}}},"fnMap":{"0":{"name":"(anonymous_0)","decl":{"start":{"line":19,"column":29},"end":{"line":19,"column":30}},"loc":{"start":{"line":19,"column":79},"end":{"line":21,"column":1}}},"1":{"name":"(anonymous_1)","decl":{"start":{"line":23,"column":26},"end":{"line":23,"column":31}},"loc":{"start":{"line":23,"column":68},"end":{"line":33,"column":1}}},"2":{"name":"(anonymous_2)","decl":{"start":{"line":35,"column":26},"end":{"line":35,"column":31}},"loc":{"start":{"line":35,"column":82},"end":{"line":68,"column":1}}},"3":{"name":"(anonymous_3)","decl":{"start":{"line":70,"column":27},"end":{"line":70,"column":32}},"loc":{"start":{"line":70,"column":38},"end":{"line":79,"column":1}}},"4":{"name":"(anonymous_4)","decl":{"start":{"line":81,"column":29},"end":{"line":81,"column":34}},"loc":{"start":{"line":81,"column":53},"end":{"line":90,"column":1}}}},"branchMap":{"0":{"loc":{"start":{"line":44,"column":27},"end":{"line":44,"column":74}},"type":"cond-expr","locations":[{"start":{"line":44,"column":41},"end":{"line":44,"column":56}},{"start":{"line":44,"column":59},"end":{"line":44,"column":74}}]},"1":{"loc":{"start":{"line":56,"column":12},"end":{"line":56,"column":22}},"type":"binary-expr","locations":[{"start":{"line":56,"column":12},"end":{"line":56,"column":16}},{"start":{"line":56,"column":20},"end":{"line":56,"column":22}}]}},"s":{"0":1,"1":1,"2":1,"3":1,"4":1,"5":0,"6":1,"7":1,"8":0,"9":0,"10":0,"11":0,"12":0,"13":0,"14":0,"15":1,"16":1,"17":0,"18":0,"19":0,"20":0,"21":0,"22":0,"23":0,"24":0,"25":0,"26":0,"27":0,"28":0,"29":1,"30":1,"31":0,"32":0,"33":0,"34":0,"35":0,"36":0,"37":1,"38":1,"39":0,"40":0,"41":0,"42":0,"43":0,"44":0,"45":1,"46":1,"47":1,"48":1},"f":{"0":0,"1":0,"2":0,"3":0,"4":0},"b":{"0":[0,0],"1":[0,0]}}
,"C:\\Applications\\Cheetah-Payroll\\src\\features\\staff\\components\\StaffForm.tsx": {"path":"C:\\Applications\\Cheetah-Payroll\\src\\features\\staff\\components\\StaffForm.tsx","statementMap":{"0":{"start":{"line":1,"column":0},"end":{"line":1,"column":40}},"1":{"start":{"line":2,"column":0},"end":{"line":2,"column":56}},"2":{"start":{"line":4,"column":21},"end":{"line":28,"column":2}},"3":{"start":{"line":30,"column":72},"end":{"line":207,"column":1}},"4":{"start":{"line":34,"column":26},"end":{"line":34,"column":53}},"5":{"start":{"line":35,"column":32},"end":{"line":35,"column":47}},"6":{"start":{"line":36,"column":28},"end":{"line":36,"column":57}},"7":{"start":{"line":38,"column":23},"end":{"line":46,"column":3}},"8":{"start":{"line":39,"column":4},"end":{"line":45,"column":8}},"9":{"start":{"line":39,"column":28},"end":{"line":45,"column":6}},"10":{"start":{"line":48,"column":19},"end":{"line":55,"column":3}},"11":{"start":{"line":49,"column":14},"end":{"line":49,"column":34}},"12":{"start":{"line":50,"column":14},"end":{"line":50,"column":36}},"13":{"start":{"line":51,"column":4},"end":{"line":51,"column":99}},"14":{"start":{"line":51,"column":86},"end":{"line":51,"column":99}},"15":{"start":{"line":52,"column":4},"end":{"line":52,"column":71}},"16":{"start":{"line":52,"column":58},"end":{"line":52,"column":71}},"17":{"start":{"line":53,"column":4},"end":{"line":53,"column":78}},"18":{"start":{"line":53,"column":65},"end":{"line":53,"column":78}},"19":{"start":{"line":54,"column":4},"end":{"line":54,"column":16}},"20":{"start":{"line":57,"column":23},"end":{"line":74,"column":3}},"21":{"start":{"line":58,"column":4},"end":{"line":58,"column":23}},"22":{"start":{"line":59,"column":4},"end":{"line":62,"column":5}},"23":{"start":{"line":60,"column":6},"end":{"line":60,"column":67}},"24":{"start":{"line":61,"column":6},"end":{"line":61,"column":13}},"25":{"start":{"line":63,"column":4},"end":{"line":63,"column":21}},"26":{"start":{"line":64,"column":4},"end":{"line":64,"column":19}},"27":{"start":{"line":65,"column":4},"end":{"line":73,"column":5}},"28":{"start":{"line":66,"column":6},"end":{"line":66,"column":51}},"29":{"start":{"line":67,"column":6},"end":{"line":67,"column":28}},"30":{"start":{"line":68,"column":6},"end":{"line":68,"column":16}},"31":{"start":{"line":70,"column":6},"end":{"line":70,"column":53}},"32":{"start":{"line":72,"column":6},"end":{"line":72,"column":24}},"33":{"start":{"line":76,"column":2},"end":{"line":206,"column":4}},"34":{"start":{"line":83,"column":25},"end":{"line":83,"column":85}},"35":{"start":{"line":89,"column":25},"end":{"line":89,"column":84}},"36":{"start":{"line":97,"column":25},"end":{"line":97,"column":84}},"37":{"start":{"line":103,"column":25},"end":{"line":103,"column":86}},"38":{"start":{"line":112,"column":25},"end":{"line":112,"column":87}},"39":{"start":{"line":116,"column":25},"end":{"line":116,"column":82}},"40":{"start":{"line":125,"column":25},"end":{"line":125,"column":89}},"41":{"start":{"line":137,"column":25},"end":{"line":137,"column":81}},"42":{"start":{"line":142,"column":25},"end":{"line":142,"column":81}},"43":{"start":{"line":150,"column":25},"end":{"line":150,"column":83}},"44":{"start":{"line":155,"column":25},"end":{"line":155,"column":92}},"45":{"start":{"line":162,"column":25},"end":{"line":162,"column":88}},"46":{"start":{"line":168,"column":25},"end":{"line":168,"column":86}},"47":{"start":{"line":174,"column":25},"end":{"line":174,"column":92}},"48":{"start":{"line":181,"column":25},"end":{"line":181,"column":87}},"49":{"start":{"line":189,"column":25},"end":{"line":189,"column":80}},"50":{"start":{"line":194,"column":25},"end":{"line":194,"column":85}},"51":{"start":{"line":209,"column":0},"end":{"line":209,"column":25}}},"fnMap":{"0":{"name":"(anonymous_0)","decl":{"start":{"line":30,"column":72},"end":{"line":30,"column":73}},"loc":{"start":{"line":33,"column":5},"end":{"line":207,"column":1}}},"1":{"name":"(anonymous_1)","decl":{"start":{"line":38,"column":23},"end":{"line":38,"column":24}},"loc":{"start":{"line":38,"column":73},"end":{"line":46,"column":3}}},"2":{"name":"(anonymous_2)","decl":{"start":{"line":39,"column":12},"end":{"line":39,"column":13}},"loc":{"start":{"line":39,"column":28},"end":{"line":45,"column":6}}},"3":{"name":"(anonymous_3)","decl":{"start":{"line":48,"column":19},"end":{"line":48,"column":22}},"loc":{"start":{"line":48,"column":24},"end":{"line":55,"column":3}}},"4":{"name":"(anonymous_4)","decl":{"start":{"line":57,"column":23},"end":{"line":57,"column":28}},"loc":{"start":{"line":57,"column":52},"end":{"line":74,"column":3}}},"5":{"name":"(anonymous_5)","decl":{"start":{"line":83,"column":20},"end":{"line":83,"column":21}},"loc":{"start":{"line":83,"column":25},"end":{"line":83,"column":85}}},"6":{"name":"(anonymous_6)","decl":{"start":{"line":89,"column":20},"end":{"line":89,"column":21}},"loc":{"start":{"line":89,"column":25},"end":{"line":89,"column":84}}},"7":{"name":"(anonymous_7)","decl":{"start":{"line":97,"column":20},"end":{"line":97,"column":21}},"loc":{"start":{"line":97,"column":25},"end":{"line":97,"column":84}}},"8":{"name":"(anonymous_8)","decl":{"start":{"line":103,"column":20},"end":{"line":103,"column":21}},"loc":{"start":{"line":103,"column":25},"end":{"line":103,"column":86}}},"9":{"name":"(anonymous_9)","decl":{"start":{"line":112,"column":20},"end":{"line":112,"column":21}},"loc":{"start":{"line":112,"column":25},"end":{"line":112,"column":87}}},"10":{"name":"(anonymous_10)","decl":{"start":{"line":116,"column":20},"end":{"line":116,"column":21}},"loc":{"start":{"line":116,"column":25},"end":{"line":116,"column":82}}},"11":{"name":"(anonymous_11)","decl":{"start":{"line":125,"column":20},"end":{"line":125,"column":21}},"loc":{"start":{"line":125,"column":25},"end":{"line":125,"column":89}}},"12":{"name":"(anonymous_12)","decl":{"start":{"line":137,"column":20},"end":{"line":137,"column":21}},"loc":{"start":{"line":137,"column":25},"end":{"line":137,"column":81}}},"13":{"name":"(anonymous_13)","decl":{"start":{"line":142,"column":20},"end":{"line":142,"column":21}},"loc":{"start":{"line":142,"column":25},"end":{"line":142,"column":81}}},"14":{"name":"(anonymous_14)","decl":{"start":{"line":150,"column":20},"end":{"line":150,"column":21}},"loc":{"start":{"line":150,"column":25},"end":{"line":150,"column":83}}},"15":{"name":"(anonymous_15)","decl":{"start":{"line":155,"column":20},"end":{"line":155,"column":21}},"loc":{"start":{"line":155,"column":25},"end":{"line":155,"column":92}}},"16":{"name":"(anonymous_16)","decl":{"start":{"line":162,"column":20},"end":{"line":162,"column":21}},"loc":{"start":{"line":162,"column":25},"end":{"line":162,"column":88}}},"17":{"name":"(anonymous_17)","decl":{"start":{"line":168,"column":20},"end":{"line":168,"column":21}},"loc":{"start":{"line":168,"column":25},"end":{"line":168,"column":86}}},"18":{"name":"(anonymous_18)","decl":{"start":{"line":174,"column":20},"end":{"line":174,"column":21}},"loc":{"start":{"line":174,"column":25},"end":{"line":174,"column":92}}},"19":{"name":"(anonymous_19)","decl":{"start":{"line":181,"column":20},"end":{"line":181,"column":21}},"loc":{"start":{"line":181,"column":25},"end":{"line":181,"column":87}}},"20":{"name":"(anonymous_20)","decl":{"start":{"line":189,"column":20},"end":{"line":189,"column":21}},"loc":{"start":{"line":189,"column":25},"end":{"line":189,"column":80}}},"21":{"name":"(anonymous_21)","decl":{"start":{"line":194,"column":20},"end":{"line":194,"column":21}},"loc":{"start":{"line":194,"column":25},"end":{"line":194,"column":85}}}},"branchMap":{"0":{"loc":{"start":{"line":51,"column":4},"end":{"line":51,"column":99}},"type":"if","locations":[{"start":{"line":51,"column":4},"end":{"line":51,"column":99}}]},"1":{"loc":{"start":{"line":51,"column":8},"end":{"line":51,"column":84}},"type":"binary-expr","locations":[{"start":{"line":51,"column":8},"end":{"line":51,"column":20}},{"start":{"line":51,"column":24},"end":{"line":51,"column":35}},{"start":{"line":51,"column":39},"end":{"line":51,"column":50}},{"start":{"line":51,"column":54},"end":{"line":51,"column":67}},{"start":{"line":51,"column":71},"end":{"line":51,"column":84}}]},"2":{"loc":{"start":{"line":52,"column":4},"end":{"line":52,"column":71}},"type":"if","locations":[{"start":{"line":52,"column":4},"end":{"line":52,"column":71}}]},"3":{"loc":{"start":{"line":52,"column":8},"end":{"line":52,"column":56}},"type":"binary-expr","locations":[{"start":{"line":52,"column":8},"end":{"line":52,"column":20}},{"start":{"line":52,"column":24},"end":{"line":52,"column":35}},{"start":{"line":52,"column":39},"end":{"line":52,"column":56}}]},"4":{"loc":{"start":{"line":53,"column":4},"end":{"line":53,"column":78}},"type":"if","locations":[{"start":{"line":53,"column":4},"end":{"line":53,"column":78}}]},"5":{"loc":{"start":{"line":53,"column":8},"end":{"line":53,"column":63}},"type":"binary-expr","locations":[{"start":{"line":53,"column":8},"end":{"line":53,"column":16}},{"start":{"line":53,"column":20},"end":{"line":53,"column":63}}]},"6":{"loc":{"start":{"line":59,"column":4},"end":{"line":62,"column":5}},"type":"if","locations":[{"start":{"line":59,"column":4},"end":{"line":62,"column":5}}]},"7":{"loc":{"start":{"line":70,"column":15},"end":{"line":70,"column":51}},"type":"binary-expr","locations":[{"start":{"line":70,"column":15},"end":{"line":70,"column":26}},{"start":{"line":70,"column":30},"end":{"line":70,"column":51}}]},"8":{"loc":{"start":{"line":198,"column":9},"end":{"line":198,"column":44}},"type":"cond-expr","locations":[{"start":{"line":198,"column":19},"end":{"line":198,"column":30}},{"start":{"line":198,"column":33},"end":{"line":198,"column":44}}]},"9":{"loc":{"start":{"line":200,"column":7},"end":{"line":203,"column":null}},"type":"binary-expr","locations":[{"start":{"line":200,"column":7},"end":{"line":200,"column":12}},{"start":{"line":201,"column":8},"end":{"line":202,"column":null}}]}},"s":{"0":1,"1":1,"2":1,"3":1,"4":0,"5":0,"6":0,"7":0,"8":0,"9":0,"10":0,"11":0,"12":0,"13":0,"14":0,"15":0,"16":0,"17":0,"18":0,"19":0,"20":0,"21":0,"22":0,"23":0,"24":0,"25":0,"26":0,"27":0,"28":0,"29":0,"30":0,"31":0,"32":0,"33":0,"34":0,"35":0,"36":0,"37":0,"38":0,"39":0,"40":0,"41":0,"42":0,"43":0,"44":0,"45":0,"46":0,"47":0,"48":0,"49":0,"50":0,"51":1},"f":{"0":0,"1":0,"2":0,"3":0,"4":0,"5":0,"6":0,"7":0,"8":0,"9":0,"10":0,"11":0,"12":0,"13":0,"14":0,"15":0,"16":0,"17":0,"18":0,"19":0,"20":0,"21":0},"b":{"0":[0],"1":[0,0,0,0,0],"2":[0],"3":[0,0,0],"4":[0],"5":[0,0],"6":[0],"7":[0,0],"8":[0,0],"9":[0,0]}}
,"C:\\Applications\\Cheetah-Payroll\\src\\features\\staff\\components\\StaffImportExport.tsx": {"path":"C:\\Applications\\Cheetah-Payroll\\src\\features\\staff\\components\\StaffImportExport.tsx","statementMap":{"0":{"start":{"line":1,"column":0},"end":{"line":1,"column":48}},"1":{"start":{"line":2,"column":0},"end":{"line":2,"column":29}},"2":{"start":{"line":3,"column":0},"end":{"line":3,"column":56}},"3":{"start":{"line":5,"column":22},"end":{"line":8,"column":12}},"4":{"start":{"line":10,"column":24},"end":{"line":28,"column":2}},"5":{"start":{"line":39,"column":97},"end":{"line":280,"column":1}},"6":{"start":{"line":44,"column":20},"end":{"line":44,"column":50}},"7":{"start":{"line":45,"column":36},"end":{"line":45,"column":51}},"8":{"start":{"line":46,"column":46},"end":{"line":49,"column":4}},"9":{"start":{"line":50,"column":36},"end":{"line":50,"column":82}},"10":{"start":{"line":51,"column":28},"end":{"line":51,"column":57}},"11":{"start":{"line":52,"column":36},"end":{"line":52,"column":51}},"12":{"start":{"line":53,"column":40},"end":{"line":53,"column":55}},"13":{"start":{"line":54,"column":44},"end":{"line":54,"column":78}},"14":{"start":{"line":58,"column":4},"end":{"line":62,"column":5}},"15":{"start":{"line":59,"column":6},"end":{"line":61,"column":7}},"16":{"start":{"line":60,"column":8},"end":{"line":60,"column":51}},"17":{"start":{"line":64,"column":4},"end":{"line":66,"column":5}},"18":{"start":{"line":65,"column":6},"end":{"line":65,"column":61}},"19":{"start":{"line":67,"column":4},"end":{"line":67,"column":32}},"20":{"start":{"line":69,"column":4},"end":{"line":71,"column":5}},"21":{"start":{"line":70,"column":6},"end":{"line":70,"column":64}},"22":{"start":{"line":72,"column":4},"end":{"line":74,"column":5}},"23":{"start":{"line":73,"column":6},"end":{"line":73,"column":62}},"24":{"start":{"line":76,"column":4},"end":{"line":78,"column":5}},"25":{"start":{"line":77,"column":6},"end":{"line":77,"column":37}},"26":{"start":{"line":80,"column":4},"end":{"line":82,"column":5}},"27":{"start":{"line":81,"column":6},"end":{"line":81,"column":58}},"28":{"start":{"line":83,"column":4},"end":{"line":83,"column":16}},"29":{"start":{"line":87,"column":23},"end":{"line":146,"column":3}},"30":{"start":{"line":88,"column":17},"end":{"line":88,"column":36}},"31":{"start":{"line":89,"column":4},"end":{"line":89,"column":22}},"32":{"start":{"line":89,"column":15},"end":{"line":89,"column":22}},"33":{"start":{"line":90,"column":4},"end":{"line":90,"column":23}},"34":{"start":{"line":91,"column":4},"end":{"line":91,"column":19}},"35":{"start":{"line":92,"column":4},"end":{"line":92,"column":21}},"36":{"start":{"line":93,"column":4},"end":{"line":93,"column":50}},"37":{"start":{"line":94,"column":21},"end":{"line":94,"column":30}},"38":{"start":{"line":95,"column":4},"end":{"line":145,"column":7}},"39":{"start":{"line":99,"column":21},"end":{"line":99,"column":42}},"40":{"start":{"line":100,"column":26},"end":{"line":100,"column":43}},"41":{"start":{"line":101,"column":57},"end":{"line":101,"column":59}},"42":{"start":{"line":102,"column":8},"end":{"line":102,"column":64}},"43":{"start":{"line":103,"column":22},"end":{"line":103,"column":23}},"44":{"start":{"line":104,"column":8},"end":{"line":121,"column":9}},"45":{"start":{"line":104,"column":21},"end":{"line":104,"column":22}},"46":{"start":{"line":105,"column":22},"end":{"line":105,"column":29}},"47":{"start":{"line":106,"column":34},"end":{"line":106,"column":64}},"48":{"start":{"line":107,"column":10},"end":{"line":112,"column":11}},"49":{"start":{"line":108,"column":12},"end":{"line":108,"column":64}},"50":{"start":{"line":109,"column":12},"end":{"line":109,"column":38}},"51":{"start":{"line":110,"column":12},"end":{"line":110,"column":65}},"52":{"start":{"line":110,"column":36},"end":{"line":110,"column":62}},"53":{"start":{"line":111,"column":12},"end":{"line":111,"column":21}},"54":{"start":{"line":113,"column":10},"end":{"line":119,"column":11}},"55":{"start":{"line":114,"column":12},"end":{"line":114,"column":56}},"56":{"start":{"line":115,"column":12},"end":{"line":115,"column":22}},"57":{"start":{"line":117,"column":12},"end":{"line":117,"column":79}},"58":{"start":{"line":118,"column":12},"end":{"line":118,"column":38}},"59":{"start":{"line":120,"column":10},"end":{"line":120,"column":63}},"60":{"start":{"line":120,"column":34},"end":{"line":120,"column":60}},"61":{"start":{"line":122,"column":8},"end":{"line":122,"column":29}},"62":{"start":{"line":123,"column":8},"end":{"line":123,"column":28}},"63":{"start":{"line":124,"column":8},"end":{"line":134,"column":11}},"64":{"start":{"line":124,"column":33},"end":{"line":134,"column":10}},"65":{"start":{"line":135,"column":8},"end":{"line":139,"column":9}},"66":{"start":{"line":136,"column":10},"end":{"line":136,"column":23}},"67":{"start":{"line":138,"column":10},"end":{"line":138,"column":69}},"68":{"start":{"line":142,"column":8},"end":{"line":142,"column":51}},"69":{"start":{"line":143,"column":8},"end":{"line":143,"column":28}},"70":{"start":{"line":149,"column":23},"end":{"line":160,"column":3}},"71":{"start":{"line":150,"column":4},"end":{"line":150,"column":23}},"72":{"start":{"line":151,"column":16},"end":{"line":151,"column":35}},"73":{"start":{"line":152,"column":17},"end":{"line":152,"column":54}},"74":{"start":{"line":153,"column":16},"end":{"line":153,"column":41}},"75":{"start":{"line":154,"column":14},"end":{"line":154,"column":41}},"76":{"start":{"line":155,"column":4},"end":{"line":155,"column":17}},"77":{"start":{"line":156,"column":4},"end":{"line":156,"column":36}},"78":{"start":{"line":157,"column":4},"end":{"line":157,"column":14}},"79":{"start":{"line":158,"column":4},"end":{"line":158,"column":29}},"80":{"start":{"line":159,"column":4},"end":{"line":159,"column":24}},"81":{"start":{"line":163,"column":25},"end":{"line":171,"column":3}},"82":{"start":{"line":164,"column":17},"end":{"line":164,"column":64}},"83":{"start":{"line":165,"column":16},"end":{"line":165,"column":41}},"84":{"start":{"line":166,"column":14},"end":{"line":166,"column":41}},"85":{"start":{"line":167,"column":4},"end":{"line":167,"column":17}},"86":{"start":{"line":168,"column":4},"end":{"line":168,"column":45}},"87":{"start":{"line":169,"column":4},"end":{"line":169,"column":14}},"88":{"start":{"line":170,"column":4},"end":{"line":170,"column":29}},"89":{"start":{"line":173,"column":2},"end":{"line":279,"column":4}},"90":{"start":{"line":202,"column":25},"end":{"line":202,"column":48}},"91":{"start":{"line":202,"column":45},"end":{"line":202,"column":47}},"92":{"start":{"line":223,"column":14},"end":{"line":223,"column":26}},"93":{"start":{"line":249,"column":18},"end":{"line":249,"column":null}},"94":{"start":{"line":261,"column":30},"end":{"line":261,"column":42}},"95":{"start":{"line":282,"column":0},"end":{"line":282,"column":33}}},"fnMap":{"0":{"name":"(anonymous_1)","decl":{"start":{"line":39,"column":97},"end":{"line":39,"column":98}},"loc":{"start":{"line":43,"column":5},"end":{"line":280,"column":1}}},"1":{"name":"validateRow","decl":{"start":{"line":57,"column":11},"end":{"line":57,"column":22}},"loc":{"start":{"line":57,"column":68},"end":{"line":84,"column":3}}},"2":{"name":"(anonymous_3)","decl":{"start":{"line":87,"column":23},"end":{"line":87,"column":28}},"loc":{"start":{"line":87,"column":72},"end":{"line":146,"column":3}}},"3":{"name":"(anonymous_4)","decl":{"start":{"line":98,"column":16},"end":{"line":98,"column":21}},"loc":{"start":{"line":98,"column":32},"end":{"line":140,"column":7}}},"4":{"name":"(anonymous_5)","decl":{"start":{"line":110,"column":30},"end":{"line":110,"column":31}},"loc":{"start":{"line":110,"column":36},"end":{"line":110,"column":62}}},"5":{"name":"(anonymous_6)","decl":{"start":{"line":120,"column":28},"end":{"line":120,"column":29}},"loc":{"start":{"line":120,"column":34},"end":{"line":120,"column":60}}},"6":{"name":"(anonymous_7)","decl":{"start":{"line":124,"column":25},"end":{"line":124,"column":29}},"loc":{"start":{"line":124,"column":33},"end":{"line":134,"column":10}}},"7":{"name":"(anonymous_8)","decl":{"start":{"line":141,"column":13},"end":{"line":141,"column":16}},"loc":{"start":{"line":141,"column":19},"end":{"line":144,"column":7}}},"8":{"name":"(anonymous_9)","decl":{"start":{"line":149,"column":23},"end":{"line":149,"column":26}},"loc":{"start":{"line":149,"column":28},"end":{"line":160,"column":3}}},"9":{"name":"(anonymous_10)","decl":{"start":{"line":163,"column":25},"end":{"line":163,"column":28}},"loc":{"start":{"line":163,"column":30},"end":{"line":171,"column":3}}},"10":{"name":"(anonymous_11)","decl":{"start":{"line":202,"column":19},"end":{"line":202,"column":22}},"loc":{"start":{"line":202,"column":25},"end":{"line":202,"column":48}}},"11":{"name":"(anonymous_12)","decl":{"start":{"line":202,"column":40},"end":{"line":202,"column":41}},"loc":{"start":{"line":202,"column":45},"end":{"line":202,"column":47}}},"12":{"name":"(anonymous_13)","decl":{"start":{"line":222,"column":27},"end":{"line":222,"column":28}},"loc":{"start":{"line":223,"column":14},"end":{"line":223,"column":26}}},"13":{"name":"(anonymous_14)","decl":{"start":{"line":248,"column":35},"end":{"line":248,"column":36}},"loc":{"start":{"line":249,"column":18},"end":{"line":249,"column":null}}},"14":{"name":"(anonymous_15)","decl":{"start":{"line":260,"column":42},"end":{"line":260,"column":43}},"loc":{"start":{"line":261,"column":30},"end":{"line":261,"column":42}}}},"branchMap":{"0":{"loc":{"start":{"line":59,"column":6},"end":{"line":61,"column":7}},"type":"if","locations":[{"start":{"line":59,"column":6},"end":{"line":61,"column":7}}]},"1":{"loc":{"start":{"line":59,"column":10},"end":{"line":59,"column":57}},"type":"binary-expr","locations":[{"start":{"line":59,"column":10},"end":{"line":59,"column":21}},{"start":{"line":59,"column":25},"end":{"line":59,"column":57}}]},"2":{"loc":{"start":{"line":64,"column":4},"end":{"line":66,"column":5}},"type":"if","locations":[{"start":{"line":64,"column":4},"end":{"line":66,"column":5}}]},"3":{"loc":{"start":{"line":69,"column":4},"end":{"line":71,"column":5}},"type":"if","locations":[{"start":{"line":69,"column":4},"end":{"line":71,"column":5}}]},"4":{"loc":{"start":{"line":72,"column":4},"end":{"line":74,"column":5}},"type":"if","locations":[{"start":{"line":72,"column":4},"end":{"line":74,"column":5}}]},"5":{"loc":{"start":{"line":76,"column":4},"end":{"line":78,"column":5}},"type":"if","locations":[{"start":{"line":76,"column":4},"end":{"line":78,"column":5}}]},"6":{"loc":{"start":{"line":80,"column":4},"end":{"line":82,"column":5}},"type":"if","locations":[{"start":{"line":80,"column":4},"end":{"line":82,"column":5}}]},"7":{"loc":{"start":{"line":89,"column":4},"end":{"line":89,"column":22}},"type":"if","locations":[{"start":{"line":89,"column":4},"end":{"line":89,"column":22}}]},"8":{"loc":{"start":{"line":107,"column":10},"end":{"line":112,"column":11}},"type":"if","locations":[{"start":{"line":107,"column":10},"end":{"line":112,"column":11}}]},"9":{"loc":{"start":{"line":117,"column":45},"end":{"line":117,"column":75}},"type":"binary-expr","locations":[{"start":{"line":117,"column":45},"end":{"line":117,"column":56}},{"start":{"line":117,"column":60},"end":{"line":117,"column":75}}]},"10":{"loc":{"start":{"line":135,"column":8},"end":{"line":139,"column":9}},"type":"if","locations":[{"start":{"line":135,"column":8},"end":{"line":139,"column":9}},{"start":{"line":137,"column":15},"end":{"line":139,"column":9}}]},"11":{"loc":{"start":{"line":142,"column":17},"end":{"line":142,"column":49}},"type":"binary-expr","locations":[{"start":{"line":142,"column":17},"end":{"line":142,"column":28}},{"start":{"line":142,"column":32},"end":{"line":142,"column":49}}]},"12":{"loc":{"start":{"line":192,"column":20},"end":{"line":192,"column":51}},"type":"binary-expr","locations":[{"start":{"line":192,"column":20},"end":{"line":192,"column":29}},{"start":{"line":192,"column":33},"end":{"line":192,"column":51}}]},"13":{"loc":{"start":{"line":193,"column":25},"end":{"line":193,"column":56}},"type":"binary-expr","locations":[{"start":{"line":193,"column":25},"end":{"line":193,"column":34}},{"start":{"line":193,"column":38},"end":{"line":193,"column":56}}]},"14":{"loc":{"start":{"line":195,"column":11},"end":{"line":195,"column":52}},"type":"cond-expr","locations":[{"start":{"line":195,"column":23},"end":{"line":195,"column":37}},{"start":{"line":195,"column":40},"end":{"line":195,"column":52}}]},"15":{"loc":{"start":{"line":208,"column":7},"end":{"line":211,"column":null}},"type":"binary-expr","locations":[{"start":{"line":208,"column":7},"end":{"line":208,"column":16}},{"start":{"line":209,"column":8},"end":{"line":210,"column":null}}]},"16":{"loc":{"start":{"line":213,"column":7},"end":{"line":216,"column":null}},"type":"binary-expr","locations":[{"start":{"line":213,"column":7},"end":{"line":213,"column":12}},{"start":{"line":214,"column":8},"end":{"line":215,"column":null}}]},"17":{"loc":{"start":{"line":218,"column":7},"end":{"line":228,"column":null}},"type":"binary-expr","locations":[{"start":{"line":218,"column":7},"end":{"line":218,"column":27}},{"start":{"line":219,"column":8},"end":{"line":227,"column":null}}]},"18":{"loc":{"start":{"line":230,"column":7},"end":{"line":276,"column":null}},"type":"binary-expr","locations":[{"start":{"line":230,"column":7},"end":{"line":230,"column":18}},{"start":{"line":231,"column":8},"end":{"line":275,"column":null}}]},"19":{"loc":{"start":{"line":233,"column":11},"end":{"line":274,"column":null}},"type":"cond-expr","locations":[{"start":{"line":234,"column":12},"end":{"line":234,"column":38}},{"start":{"line":236,"column":12},"end":{"line":273,"column":null}}]},"20":{"loc":{"start":{"line":253,"column":40},"end":{"line":253,"column":76}},"type":"cond-expr","locations":[{"start":{"line":253,"column":57},"end":{"line":253,"column":64}},{"start":{"line":253,"column":67},"end":{"line":253,"column":76}}]},"21":{"loc":{"start":{"line":254,"column":40},"end":{"line":254,"column":76}},"type":"cond-expr","locations":[{"start":{"line":254,"column":55},"end":{"line":254,"column":64}},{"start":{"line":254,"column":67},"end":{"line":254,"column":76}}]},"22":{"loc":{"start":{"line":256,"column":23},"end":{"line":268,"column":null}},"type":"cond-expr","locations":[{"start":{"line":257,"column":24},"end":{"line":265,"column":null}},{"start":{"line":268,"column":24},"end":{"line":268,"column":66}}]}},"s":{"0":1,"1":1,"2":1,"3":1,"4":1,"5":1,"6":0,"7":0,"8":0,"9":0,"10":0,"11":0,"12":0,"13":0,"14":0,"15":0,"16":0,"17":0,"18":0,"19":0,"20":0,"21":0,"22":0,"23":0,"24":0,"25":0,"26":0,"27":0,"28":0,"29":0,"30":0,"31":0,"32":0,"33":0,"34":0,"35":0,"36":0,"37":0,"38":0,"39":0,"40":0,"41":0,"42":0,"43":0,"44":0,"45":0,"46":0,"47":0,"48":0,"49":0,"50":0,"51":0,"52":0,"53":0,"54":0,"55":0,"56":0,"57":0,"58":0,"59":0,"60":0,"61":0,"62":0,"63":0,"64":0,"65":0,"66":0,"67":0,"68":0,"69":0,"70":0,"71":0,"72":0,"73":0,"74":0,"75":0,"76":0,"77":0,"78":0,"79":0,"80":0,"81":0,"82":0,"83":0,"84":0,"85":0,"86":0,"87":0,"88":0,"89":0,"90":0,"91":0,"92":0,"93":0,"94":0,"95":1},"f":{"0":0,"1":0,"2":0,"3":0,"4":0,"5":0,"6":0,"7":0,"8":0,"9":0,"10":0,"11":0,"12":0,"13":0,"14":0},"b":{"0":[0],"1":[0,0],"2":[0],"3":[0],"4":[0],"5":[0],"6":[0],"7":[0],"8":[0],"9":[0,0],"10":[0,0],"11":[0,0],"12":[0,0],"13":[0,0],"14":[0,0],"15":[0,0],"16":[0,0],"17":[0,0],"18":[0,0],"19":[0,0],"20":[0,0],"21":[0,0],"22":[0,0]}}
,"C:\\Applications\\Cheetah-Payroll\\src\\features\\staff\\components\\StaffList.tsx": {"path":"C:\\Applications\\Cheetah-Payroll\\src\\features\\staff\\components\\StaffList.tsx","statementMap":{"0":{"start":{"line":6,"column":0},"end":{"line":6,"column":51}},"1":{"start":{"line":7,"column":0},"end":{"line":7,"column":59}},"2":{"start":{"line":8,"column":0},"end":{"line":8,"column":62}},"3":{"start":{"line":9,"column":0},"end":{"line":9,"column":36}},"4":{"start":{"line":10,"column":0},"end":{"line":10,"column":42}},"5":{"start":{"line":11,"column":0},"end":{"line":11,"column":52}},"6":{"start":{"line":12,"column":0},"end":{"line":12,"column":72}},"7":{"start":{"line":13,"column":0},"end":{"line":13,"column":54}},"8":{"start":{"line":14,"column":0},"end":{"line":14,"column":58}},"9":{"start":{"line":15,"column":0},"end":{"line":15,"column":74}},"10":{"start":{"line":16,"column":0},"end":{"line":16,"column":70}},"11":{"start":{"line":17,"column":0},"end":{"line":17,"column":64}},"12":{"start":{"line":23,"column":44},"end":{"line":260,"column":1}},"13":{"start":{"line":24,"column":32},"end":{"line":24,"column":43}},"14":{"start":{"line":25,"column":34},"end":{"line":25,"column":63}},"15":{"start":{"line":26,"column":30},"end":{"line":26,"column":42}},"16":{"start":{"line":27,"column":34},"end":{"line":27,"column":49}},"17":{"start":{"line":28,"column":50},"end":{"line":28,"column":65}},"18":{"start":{"line":30,"column":63},"end":{"line":30,"column":84}},"19":{"start":{"line":32,"column":2},"end":{"line":34,"column":27}},"20":{"start":{"line":33,"column":4},"end":{"line":33,"column":16}},"21":{"start":{"line":36,"column":20},"end":{"line":41,"column":3}},"22":{"start":{"line":37,"column":4},"end":{"line":40,"column":7}},"23":{"start":{"line":38,"column":19},"end":{"line":38,"column":50}},"24":{"start":{"line":39,"column":6},"end":{"line":39,"column":53}},"25":{"start":{"line":43,"column":24},"end":{"line":46,"column":3}},"26":{"start":{"line":44,"column":4},"end":{"line":44,"column":27}},"27":{"start":{"line":44,"column":20},"end":{"line":44,"column":25}},"28":{"start":{"line":45,"column":4},"end":{"line":45,"column":12}},"29":{"start":{"line":48,"column":27},"end":{"line":51,"column":3}},"30":{"start":{"line":49,"column":4},"end":{"line":49,"column":23}},"31":{"start":{"line":50,"column":4},"end":{"line":50,"column":20}},"32":{"start":{"line":53,"column":32},"end":{"line":56,"column":3}},"33":{"start":{"line":54,"column":4},"end":{"line":54,"column":31}},"34":{"start":{"line":55,"column":4},"end":{"line":55,"column":20}},"35":{"start":{"line":58,"column":24},"end":{"line":67,"column":4}},"36":{"start":{"line":59,"column":23},"end":{"line":59,"column":43}},"37":{"start":{"line":60,"column":4},"end":{"line":66,"column":6}},"38":{"start":{"line":70,"column":4},"end":{"line":86,"column":null}},"39":{"start":{"line":74,"column":23},"end":{"line":74,"column":48}},"40":{"start":{"line":82,"column":23},"end":{"line":82,"column":40}},"41":{"start":{"line":90,"column":2},"end":{"line":100,"column":3}},"42":{"start":{"line":91,"column":4},"end":{"line":99,"column":6}},"43":{"start":{"line":102,"column":2},"end":{"line":259,"column":4}},"44":{"start":{"line":125,"column":29},"end":{"line":125,"column":54}},"45":{"start":{"line":152,"column":33},"end":{"line":152,"column":50}},"46":{"start":{"line":164,"column":33},"end":{"line":164,"column":50}},"47":{"start":{"line":186,"column":18},"end":{"line":186,"column":43}},"48":{"start":{"line":215,"column":39},"end":{"line":215,"column":66}},"49":{"start":{"line":248,"column":25},"end":{"line":248,"column":42}},"50":{"start":{"line":263,"column":19},"end":{"line":267,"column":null}},"51":{"start":{"line":264,"column":2},"end":{"line":266,"column":null}},"52":{"start":{"line":270,"column":18},"end":{"line":276,"column":null}},"53":{"start":{"line":271,"column":2},"end":{"line":275,"column":null}},"54":{"start":{"line":280,"column":49},"end":{"line":283,"column":2}},"55":{"start":{"line":285,"column":46},"end":{"line":287,"column":2}},"56":{"start":{"line":289,"column":51},"end":{"line":294,"column":2}},"57":{"start":{"line":296,"column":47},"end":{"line":299,"column":2}},"58":{"start":{"line":301,"column":47},"end":{"line":305,"column":2}},"59":{"start":{"line":307,"column":46},"end":{"line":311,"column":2}},"60":{"start":{"line":313,"column":50},"end":{"line":315,"column":2}},"61":{"start":{"line":317,"column":41},"end":{"line":320,"column":2}},"62":{"start":{"line":322,"column":50},"end":{"line":324,"column":2}},"63":{"start":{"line":326,"column":47},"end":{"line":332,"column":2}},"64":{"start":{"line":334,"column":44},"end":{"line":337,"column":2}},"65":{"start":{"line":339,"column":45},"end":{"line":342,"column":2}},"66":{"start":{"line":344,"column":49},"end":{"line":348,"column":2}},"67":{"start":{"line":350,"column":40},"end":{"line":353,"column":2}},"68":{"start":{"line":355,"column":41},"end":{"line":358,"column":2}},"69":{"start":{"line":360,"column":24},"end":{"line":371,"column":1}},"70":{"start":{"line":361,"column":19},"end":{"line":361,"column":64}},"71":{"start":{"line":362,"column":2},"end":{"line":370,"column":4}},"72":{"start":{"line":373,"column":50},"end":{"line":384,"column":2}},"73":{"start":{"line":386,"column":0},"end":{"line":386,"column":25}}},"fnMap":{"0":{"name":"(anonymous_1)","decl":{"start":{"line":23,"column":44},"end":{"line":23,"column":45}},"loc":{"start":{"line":23,"column":62},"end":{"line":260,"column":1}}},"1":{"name":"(anonymous_2)","decl":{"start":{"line":32,"column":12},"end":{"line":32,"column":15}},"loc":{"start":{"line":32,"column":17},"end":{"line":34,"column":3}}},"2":{"name":"(anonymous_3)","decl":{"start":{"line":36,"column":20},"end":{"line":36,"column":25}},"loc":{"start":{"line":36,"column":31},"end":{"line":41,"column":3}}},"3":{"name":"(anonymous_4)","decl":{"start":{"line":37,"column":18},"end":{"line":37,"column":23}},"loc":{"start":{"line":37,"column":29},"end":{"line":40,"column":5}}},"4":{"name":"(anonymous_5)","decl":{"start":{"line":43,"column":24},"end":{"line":43,"column":27}},"loc":{"start":{"line":43,"column":29},"end":{"line":46,"column":3}}},"5":{"name":"(anonymous_6)","decl":{"start":{"line":44,"column":15},"end":{"line":44,"column":16}},"loc":{"start":{"line":44,"column":20},"end":{"line":44,"column":25}}},"6":{"name":"(anonymous_7)","decl":{"start":{"line":48,"column":27},"end":{"line":48,"column":30}},"loc":{"start":{"line":48,"column":32},"end":{"line":51,"column":3}}},"7":{"name":"(anonymous_8)","decl":{"start":{"line":53,"column":32},"end":{"line":53,"column":35}},"loc":{"start":{"line":53,"column":37},"end":{"line":56,"column":3}}},"8":{"name":"(anonymous_9)","decl":{"start":{"line":58,"column":37},"end":{"line":58,"column":38}},"loc":{"start":{"line":58,"column":41},"end":{"line":67,"column":3}}},"9":{"name":"(anonymous_10)","decl":{"start":{"line":74,"column":17},"end":{"line":74,"column":20}},"loc":{"start":{"line":74,"column":23},"end":{"line":74,"column":48}}},"10":{"name":"(anonymous_11)","decl":{"start":{"line":82,"column":17},"end":{"line":82,"column":20}},"loc":{"start":{"line":82,"column":23},"end":{"line":82,"column":40}}},"11":{"name":"(anonymous_12)","decl":{"start":{"line":125,"column":22},"end":{"line":125,"column":23}},"loc":{"start":{"line":125,"column":29},"end":{"line":125,"column":54}}},"12":{"name":"(anonymous_13)","decl":{"start":{"line":152,"column":27},"end":{"line":152,"column":30}},"loc":{"start":{"line":152,"column":33},"end":{"line":152,"column":50}}},"13":{"name":"(anonymous_14)","decl":{"start":{"line":164,"column":27},"end":{"line":164,"column":30}},"loc":{"start":{"line":164,"column":33},"end":{"line":164,"column":50}}},"14":{"name":"(anonymous_15)","decl":{"start":{"line":185,"column":35},"end":{"line":185,"column":36}},"loc":{"start":{"line":186,"column":18},"end":{"line":186,"column":43}}},"15":{"name":"(anonymous_16)","decl":{"start":{"line":215,"column":33},"end":{"line":215,"column":36}},"loc":{"start":{"line":215,"column":39},"end":{"line":215,"column":66}}},"16":{"name":"(anonymous_17)","decl":{"start":{"line":248,"column":19},"end":{"line":248,"column":22}},"loc":{"start":{"line":248,"column":25},"end":{"line":248,"column":42}}},"17":{"name":"(anonymous_18)","decl":{"start":{"line":263,"column":19},"end":{"line":263,"column":22}},"loc":{"start":{"line":264,"column":2},"end":{"line":266,"column":null}}},"18":{"name":"(anonymous_19)","decl":{"start":{"line":270,"column":18},"end":{"line":270,"column":21}},"loc":{"start":{"line":271,"column":2},"end":{"line":275,"column":null}}},"19":{"name":"(anonymous_20)","decl":{"start":{"line":360,"column":24},"end":{"line":360,"column":25}},"loc":{"start":{"line":360,"column":65},"end":{"line":371,"column":1}}}},"branchMap":{"0":{"loc":{"start":{"line":30,"column":16},"end":{"line":30,"column":26}},"type":"default-arg","locations":[{"start":{"line":30,"column":24},"end":{"line":30,"column":26}}]},"1":{"loc":{"start":{"line":61,"column":6},"end":{"line":65,"column":78}},"type":"binary-expr","locations":[{"start":{"line":61,"column":6},"end":{"line":61,"column":77}},{"start":{"line":62,"column":6},"end":{"line":62,"column":76}},{"start":{"line":63,"column":6},"end":{"line":63,"column":76}},{"start":{"line":64,"column":6},"end":{"line":64,"column":80}},{"start":{"line":65,"column":6},"end":{"line":65,"column":78}}]},"2":{"loc":{"start":{"line":61,"column":7},"end":{"line":61,"column":41}},"type":"binary-expr","locations":[{"start":{"line":61,"column":7},"end":{"line":61,"column":35}},{"start":{"line":61,"column":39},"end":{"line":61,"column":41}}]},"3":{"loc":{"start":{"line":62,"column":7},"end":{"line":62,"column":40}},"type":"binary-expr","locations":[{"start":{"line":62,"column":7},"end":{"line":62,"column":34}},{"start":{"line":62,"column":38},"end":{"line":62,"column":40}}]},"4":{"loc":{"start":{"line":63,"column":7},"end":{"line":63,"column":40}},"type":"binary-expr","locations":[{"start":{"line":63,"column":7},"end":{"line":63,"column":34}},{"start":{"line":63,"column":38},"end":{"line":63,"column":40}}]},"5":{"loc":{"start":{"line":64,"column":7},"end":{"line":64,"column":44}},"type":"binary-expr","locations":[{"start":{"line":64,"column":7},"end":{"line":64,"column":38}},{"start":{"line":64,"column":42},"end":{"line":64,"column":44}}]},"6":{"loc":{"start":{"line":65,"column":7},"end":{"line":65,"column":42}},"type":"binary-expr","locations":[{"start":{"line":65,"column":7},"end":{"line":65,"column":36}},{"start":{"line":65,"column":40},"end":{"line":65,"column":42}}]},"7":{"loc":{"start":{"line":90,"column":2},"end":{"line":100,"column":3}},"type":"if","locations":[{"start":{"line":90,"column":2},"end":{"line":100,"column":3}}]},"8":{"loc":{"start":{"line":90,"column":6},"end":{"line":90,"column":35}},"type":"binary-expr","locations":[{"start":{"line":90,"column":6},"end":{"line":90,"column":13}},{"start":{"line":90,"column":17},"end":{"line":90,"column":35}}]},"9":{"loc":{"start":{"line":109,"column":7},"end":{"line":114,"column":null}},"type":"binary-expr","locations":[{"start":{"line":109,"column":7},"end":{"line":109,"column":12}},{"start":{"line":110,"column":8},"end":{"line":113,"column":null}}]},"10":{"loc":{"start":{"line":130,"column":13},"end":{"line":135,"column":null}},"type":"cond-expr","locations":[{"start":{"line":131,"column":14},"end":{"line":131,"column":37}},{"start":{"line":133,"column":14},"end":{"line":134,"column":null}}]},"11":{"loc":{"start":{"line":143,"column":9},"end":{"line":224,"column":null}},"type":"cond-expr","locations":[{"start":{"line":144,"column":10},"end":{"line":169,"column":null}},{"start":{"line":172,"column":10},"end":{"line":223,"column":null}}]},"12":{"loc":{"start":{"line":145,"column":13},"end":{"line":168,"column":null}},"type":"cond-expr","locations":[{"start":{"line":146,"column":14},"end":{"line":155,"column":null}},{"start":{"line":158,"column":14},"end":{"line":167,"column":null}}]},"13":{"loc":{"start":{"line":190,"column":27},"end":{"line":190,"column":71}},"type":"binary-expr","locations":[{"start":{"line":190,"column":27},"end":{"line":190,"column":65}},{"start":{"line":190,"column":69},"end":{"line":190,"column":71}}]},"14":{"loc":{"start":{"line":190,"column":74},"end":{"line":190,"column":117}},"type":"binary-expr","locations":[{"start":{"line":190,"column":74},"end":{"line":190,"column":111}},{"start":{"line":190,"column":115},"end":{"line":190,"column":117}}]},"15":{"loc":{"start":{"line":193,"column":27},"end":{"line":193,"column":67}},"type":"binary-expr","locations":[{"start":{"line":193,"column":27},"end":{"line":193,"column":61}},{"start":{"line":193,"column":65},"end":{"line":193,"column":67}}]},"16":{"loc":{"start":{"line":198,"column":23},"end":{"line":198,"column":69}},"type":"binary-expr","locations":[{"start":{"line":198,"column":23},"end":{"line":198,"column":60}},{"start":{"line":198,"column":64},"end":{"line":198,"column":69}}]},"17":{"loc":{"start":{"line":201,"column":23},"end":{"line":201,"column":73}},"type":"binary-expr","locations":[{"start":{"line":201,"column":23},"end":{"line":201,"column":64}},{"start":{"line":201,"column":68},"end":{"line":201,"column":73}}]},"18":{"loc":{"start":{"line":204,"column":23},"end":{"line":204,"column":71}},"type":"binary-expr","locations":[{"start":{"line":204,"column":23},"end":{"line":204,"column":62}},{"start":{"line":204,"column":66},"end":{"line":204,"column":71}}]},"19":{"loc":{"start":{"line":208,"column":25},"end":{"line":208,"column":74}},"type":"binary-expr","locations":[{"start":{"line":208,"column":25},"end":{"line":208,"column":62}},{"start":{"line":208,"column":66},"end":{"line":208,"column":74}}]},"20":{"loc":{"start":{"line":229,"column":7},"end":{"line":233,"column":null}},"type":"binary-expr","locations":[{"start":{"line":229,"column":7},"end":{"line":229,"column":15}},{"start":{"line":230,"column":8},"end":{"line":232,"column":null}}]},"21":{"loc":{"start":{"line":236,"column":7},"end":{"line":241,"column":null}},"type":"binary-expr","locations":[{"start":{"line":236,"column":7},"end":{"line":236,"column":23}},{"start":{"line":237,"column":8},"end":{"line":240,"column":null}}]},"22":{"loc":{"start":{"line":244,"column":7},"end":{"line":249,"column":null}},"type":"binary-expr","locations":[{"start":{"line":244,"column":7},"end":{"line":244,"column":15}},{"start":{"line":245,"column":8},"end":{"line":248,"column":null}}]},"23":{"loc":{"start":{"line":253,"column":7},"end":{"line":256,"column":null}},"type":"binary-expr","locations":[{"start":{"line":253,"column":7},"end":{"line":253,"column":14}},{"start":{"line":253,"column":18},"end":{"line":253,"column":34}},{"start":{"line":254,"column":8},"end":{"line":255,"column":null}}]},"24":{"loc":{"start":{"line":361,"column":19},"end":{"line":361,"column":64}},"type":"binary-expr","locations":[{"start":{"line":361,"column":19},"end":{"line":361,"column":53}},{"start":{"line":361,"column":57},"end":{"line":361,"column":64}}]},"25":{"loc":{"start":{"line":367,"column":21},"end":{"line":367,"column":85}},"type":"cond-expr","locations":[{"start":{"line":367,"column":32},"end":{"line":367,"column":57}},{"start":{"line":367,"column":60},"end":{"line":367,"column":85}}]},"26":{"loc":{"start":{"line":368,"column":11},"end":{"line":368,"column":79}},"type":"cond-expr","locations":[{"start":{"line":368,"column":22},"end":{"line":368,"column":49}},{"start":{"line":368,"column":52},"end":{"line":368,"column":79}}]},"27":{"loc":{"start":{"line":369,"column":25},"end":{"line":369,"column":97}},"type":"cond-expr","locations":[{"start":{"line":369,"column":36},"end":{"line":369,"column":65}},{"start":{"line":369,"column":68},"end":{"line":369,"column":97}}]}},"s":{"0":1,"1":1,"2":1,"3":1,"4":1,"5":1,"6":1,"7":1,"8":1,"9":1,"10":1,"11":1,"12":1,"13":3,"14":3,"15":3,"16":3,"17":3,"18":3,"19":3,"20":1,"21":3,"22":1,"23":1,"24":1,"25":3,"26":0,"27":0,"28":0,"29":3,"30":0,"31":0,"32":3,"33":0,"34":0,"35":3,"36":2,"37":2,"38":3,"39":0,"40":0,"41":3,"42":1,"43":2,"44":0,"45":0,"46":0,"47":2,"48":0,"49":0,"50":1,"51":0,"52":1,"53":1,"54":1,"55":1,"56":1,"57":1,"58":1,"59":1,"60":1,"61":1,"62":1,"63":1,"64":1,"65":1,"66":1,"67":1,"68":1,"69":1,"70":2,"71":2,"72":1,"73":1},"f":{"0":3,"1":1,"2":1,"3":1,"4":0,"5":0,"6":0,"7":0,"8":2,"9":0,"10":0,"11":0,"12":0,"13":0,"14":2,"15":0,"16":0,"17":0,"18":1,"19":2},"b":{"0":[0],"1":[2,0,0,0,0],"2":[2,2],"3":[0,0],"4":[0,0],"5":[0,0],"6":[0,0],"7":[1],"8":[3,1],"9":[2,0],"10":[0,2],"11":[1,1],"12":[0,1],"13":[2,2],"14":[2,2],"15":[2,2],"16":[2,2],"17":[2,2],"18":[2,2],"19":[2,2],"20":[2,0],"21":[2,0],"22":[2,0],"23":[2,0,0],"24":[2,2],"25":[2,0],"26":[2,0],"27":[2,0]}}
,"C:\\Applications\\Cheetah-Payroll\\src\\features\\staff\\components\\StaffProfile.tsx": {"path":"C:\\Applications\\Cheetah-Payroll\\src\\features\\staff\\components\\StaffProfile.tsx","statementMap":{"0":{"start":{"line":1,"column":0},"end":{"line":1,"column":59}},"1":{"start":{"line":2,"column":0},"end":{"line":2,"column":73}},"2":{"start":{"line":4,"column":92},"end":{"line":154,"column":1}},"3":{"start":{"line":9,"column":32},"end":{"line":9,"column":51}},"4":{"start":{"line":10,"column":26},"end":{"line":10,"column":41}},"5":{"start":{"line":11,"column":26},"end":{"line":11,"column":45}},"6":{"start":{"line":12,"column":32},"end":{"line":12,"column":46}},"7":{"start":{"line":13,"column":28},"end":{"line":13,"column":57}},"8":{"start":{"line":16,"column":19},"end":{"line":16,"column":47}},"9":{"start":{"line":17,"column":2},"end":{"line":36,"column":27}},"10":{"start":{"line":18,"column":4},"end":{"line":24,"column":40}},"11":{"start":{"line":20,"column":8},"end":{"line":20,"column":25}},"12":{"start":{"line":21,"column":8},"end":{"line":21,"column":22}},"13":{"start":{"line":23,"column":18},"end":{"line":23,"column":65}},"14":{"start":{"line":24,"column":21},"end":{"line":24,"column":38}},"15":{"start":{"line":27,"column":23},"end":{"line":34,"column":5}},"16":{"start":{"line":28,"column":20},"end":{"line":28,"column":36}},"17":{"start":{"line":29,"column":6},"end":{"line":29,"column":25}},"18":{"start":{"line":29,"column":18},"end":{"line":29,"column":25}},"19":{"start":{"line":30,"column":24},"end":{"line":31,"column":null}},"20":{"start":{"line":33,"column":6},"end":{"line":33,"column":49}},"21":{"start":{"line":33,"column":28},"end":{"line":33,"column":49}},"22":{"start":{"line":35,"column":4},"end":{"line":35,"column":30}},"23":{"start":{"line":38,"column":23},"end":{"line":46,"column":3}},"24":{"start":{"line":39,"column":4},"end":{"line":45,"column":8}},"25":{"start":{"line":39,"column":28},"end":{"line":45,"column":6}},"26":{"start":{"line":48,"column":21},"end":{"line":60,"column":3}},"27":{"start":{"line":49,"column":4},"end":{"line":49,"column":21}},"28":{"start":{"line":50,"column":4},"end":{"line":50,"column":19}},"29":{"start":{"line":51,"column":4},"end":{"line":59,"column":5}},"30":{"start":{"line":52,"column":6},"end":{"line":52,"column":60}},"31":{"start":{"line":53,"column":6},"end":{"line":53,"column":23}},"32":{"start":{"line":54,"column":6},"end":{"line":54,"column":21}},"33":{"start":{"line":56,"column":6},"end":{"line":56,"column":58}},"34":{"start":{"line":58,"column":6},"end":{"line":58,"column":24}},"35":{"start":{"line":62,"column":2},"end":{"line":62,"column":71}},"36":{"start":{"line":62,"column":15},"end":{"line":62,"column":71}},"37":{"start":{"line":63,"column":2},"end":{"line":68,"column":6}},"38":{"start":{"line":64,"column":4},"end":{"line":68,"column":6}},"39":{"start":{"line":69,"column":2},"end":{"line":69,"column":72}},"40":{"start":{"line":69,"column":16},"end":{"line":69,"column":72}},"41":{"start":{"line":72,"column":24},"end":{"line":95,"column":3}},"42":{"start":{"line":73,"column":4},"end":{"line":73,"column":38}},"43":{"start":{"line":73,"column":28},"end":{"line":73,"column":38}},"44":{"start":{"line":74,"column":4},"end":{"line":94,"column":5}},"45":{"start":{"line":75,"column":20},"end":{"line":75,"column":36}},"46":{"start":{"line":76,"column":6},"end":{"line":76,"column":25}},"47":{"start":{"line":76,"column":18},"end":{"line":76,"column":25}},"48":{"start":{"line":77,"column":24},"end":{"line":78,"column":null}},"49":{"start":{"line":80,"column":6},"end":{"line":80,"column":36}},"50":{"start":{"line":80,"column":29},"end":{"line":80,"column":36}},"51":{"start":{"line":81,"column":20},"end":{"line":81,"column":32}},"52":{"start":{"line":82,"column":19},"end":{"line":82,"column":50}},"53":{"start":{"line":83,"column":6},"end":{"line":93,"column":7}},"54":{"start":{"line":84,"column":8},"end":{"line":87,"column":9}},"55":{"start":{"line":85,"column":10},"end":{"line":85,"column":29}},"56":{"start":{"line":86,"column":10},"end":{"line":86,"column":23}},"57":{"start":{"line":89,"column":8},"end":{"line":92,"column":9}},"58":{"start":{"line":90,"column":10},"end":{"line":90,"column":29}},"59":{"start":{"line":91,"column":10},"end":{"line":91,"column":24}},"60":{"start":{"line":97,"column":2},"end":{"line":153,"column":4}},"61":{"start":{"line":121,"column":29},"end":{"line":121,"column":89}},"62":{"start":{"line":127,"column":29},"end":{"line":127,"column":88}},"63":{"start":{"line":146,"column":65},"end":{"line":146,"column":78}},"64":{"start":{"line":156,"column":0},"end":{"line":156,"column":28}}},"fnMap":{"0":{"name":"(anonymous_0)","decl":{"start":{"line":4,"column":92},"end":{"line":4,"column":93}},"loc":{"start":{"line":8,"column":5},"end":{"line":154,"column":1}}},"1":{"name":"(anonymous_1)","decl":{"start":{"line":17,"column":12},"end":{"line":17,"column":15}},"loc":{"start":{"line":17,"column":17},"end":{"line":36,"column":3}}},"2":{"name":"(anonymous_2)","decl":{"start":{"line":19,"column":12},"end":{"line":19,"column":16}},"loc":{"start":{"line":19,"column":19},"end":{"line":22,"column":7}}},"3":{"name":"(anonymous_3)","decl":{"start":{"line":23,"column":13},"end":{"line":23,"column":14}},"loc":{"start":{"line":23,"column":18},"end":{"line":23,"column":65}}},"4":{"name":"(anonymous_4)","decl":{"start":{"line":24,"column":15},"end":{"line":24,"column":18}},"loc":{"start":{"line":24,"column":21},"end":{"line":24,"column":38}}},"5":{"name":"(anonymous_5)","decl":{"start":{"line":27,"column":23},"end":{"line":27,"column":26}},"loc":{"start":{"line":27,"column":28},"end":{"line":34,"column":5}}},"6":{"name":"(anonymous_6)","decl":{"start":{"line":38,"column":23},"end":{"line":38,"column":24}},"loc":{"start":{"line":38,"column":73},"end":{"line":46,"column":3}}},"7":{"name":"(anonymous_7)","decl":{"start":{"line":39,"column":12},"end":{"line":39,"column":13}},"loc":{"start":{"line":39,"column":28},"end":{"line":45,"column":6}}},"8":{"name":"(anonymous_8)","decl":{"start":{"line":48,"column":21},"end":{"line":48,"column":26}},"loc":{"start":{"line":48,"column":32},"end":{"line":60,"column":3}}},"9":{"name":"(anonymous_9)","decl":{"start":{"line":72,"column":24},"end":{"line":72,"column":25}},"loc":{"start":{"line":72,"column":67},"end":{"line":95,"column":3}}},"10":{"name":"(anonymous_10)","decl":{"start":{"line":121,"column":24},"end":{"line":121,"column":25}},"loc":{"start":{"line":121,"column":29},"end":{"line":121,"column":89}}},"11":{"name":"(anonymous_11)","decl":{"start":{"line":127,"column":24},"end":{"line":127,"column":25}},"loc":{"start":{"line":127,"column":29},"end":{"line":127,"column":88}}},"12":{"name":"(anonymous_12)","decl":{"start":{"line":146,"column":59},"end":{"line":146,"column":62}},"loc":{"start":{"line":146,"column":65},"end":{"line":146,"column":78}}}},"branchMap":{"0":{"loc":{"start":{"line":23,"column":27},"end":{"line":23,"column":64}},"type":"binary-expr","locations":[{"start":{"line":23,"column":27},"end":{"line":23,"column":36}},{"start":{"line":23,"column":40},"end":{"line":23,"column":64}}]},"1":{"loc":{"start":{"line":29,"column":6},"end":{"line":29,"column":25}},"type":"if","locations":[{"start":{"line":29,"column":6},"end":{"line":29,"column":25}}]},"2":{"loc":{"start":{"line":33,"column":6},"end":{"line":33,"column":49}},"type":"if","locations":[{"start":{"line":33,"column":6},"end":{"line":33,"column":49}}]},"3":{"loc":{"start":{"line":56,"column":15},"end":{"line":56,"column":56}},"type":"binary-expr","locations":[{"start":{"line":56,"column":15},"end":{"line":56,"column":26}},{"start":{"line":56,"column":30},"end":{"line":56,"column":56}}]},"4":{"loc":{"start":{"line":62,"column":2},"end":{"line":62,"column":71}},"type":"if","locations":[{"start":{"line":62,"column":2},"end":{"line":62,"column":71}}]},"5":{"loc":{"start":{"line":63,"column":2},"end":{"line":68,"column":6}},"type":"if","locations":[{"start":{"line":63,"column":2},"end":{"line":68,"column":6}}]},"6":{"loc":{"start":{"line":69,"column":2},"end":{"line":69,"column":72}},"type":"if","locations":[{"start":{"line":69,"column":2},"end":{"line":69,"column":72}}]},"7":{"loc":{"start":{"line":73,"column":4},"end":{"line":73,"column":38}},"type":"if","locations":[{"start":{"line":73,"column":4},"end":{"line":73,"column":38}}]},"8":{"loc":{"start":{"line":74,"column":4},"end":{"line":94,"column":5}},"type":"if","locations":[{"start":{"line":74,"column":4},"end":{"line":94,"column":5}}]},"9":{"loc":{"start":{"line":76,"column":6},"end":{"line":76,"column":25}},"type":"if","locations":[{"start":{"line":76,"column":6},"end":{"line":76,"column":25}}]},"10":{"loc":{"start":{"line":80,"column":6},"end":{"line":80,"column":36}},"type":"if","locations":[{"start":{"line":80,"column":6},"end":{"line":80,"column":36}}]},"11":{"loc":{"start":{"line":83,"column":6},"end":{"line":93,"column":7}},"type":"if","locations":[{"start":{"line":83,"column":6},"end":{"line":93,"column":7}},{"start":{"line":88,"column":13},"end":{"line":93,"column":7}}]},"12":{"loc":{"start":{"line":84,"column":8},"end":{"line":87,"column":9}},"type":"if","locations":[{"start":{"line":84,"column":8},"end":{"line":87,"column":9}}]},"13":{"loc":{"start":{"line":89,"column":8},"end":{"line":92,"column":9}},"type":"if","locations":[{"start":{"line":89,"column":8},"end":{"line":92,"column":9}}]},"14":{"loc":{"start":{"line":115,"column":9},"end":{"line":149,"column":null}},"type":"cond-expr","locations":[{"start":{"line":116,"column":10},"end":{"line":132,"column":null}},{"start":{"line":135,"column":10},"end":{"line":148,"column":null}}]}},"s":{"0":1,"1":1,"2":1,"3":0,"4":0,"5":0,"6":0,"7":0,"8":0,"9":0,"10":0,"11":0,"12":0,"13":0,"14":0,"15":0,"16":0,"17":0,"18":0,"19":0,"20":0,"21":0,"22":0,"23":0,"24":0,"25":0,"26":0,"27":0,"28":0,"29":0,"30":0,"31":0,"32":0,"33":0,"34":0,"35":0,"36":0,"37":0,"38":0,"39":0,"40":0,"41":0,"42":0,"43":0,"44":0,"45":0,"46":0,"47":0,"48":0,"49":0,"50":0,"51":0,"52":0,"53":0,"54":0,"55":0,"56":0,"57":0,"58":0,"59":0,"60":0,"61":0,"62":0,"63":0,"64":1},"f":{"0":0,"1":0,"2":0,"3":0,"4":0,"5":0,"6":0,"7":0,"8":0,"9":0,"10":0,"11":0,"12":0},"b":{"0":[0,0],"1":[0],"2":[0],"3":[0,0],"4":[0],"5":[0],"6":[0],"7":[0],"8":[0],"9":[0],"10":[0],"11":[0,0],"12":[0],"13":[0],"14":[0,0]}}
,"C:\\Applications\\Cheetah-Payroll\\src\\shared\\components\\ErrorBoundary.tsx": {"path":"C:\\Applications\\Cheetah-Payroll\\src\\shared\\components\\ErrorBoundary.tsx","statementMap":{"0":{"start":{"line":6,"column":0},"end":{"line":6,"column":63}},"1":{"start":{"line":7,"column":0},"end":{"line":7,"column":41}},"2":{"start":{"line":21,"column":9},"end":{"line":23,"column":4}},"3":{"start":{"line":26,"column":4},"end":{"line":26,"column":37}},"4":{"start":{"line":30,"column":4},"end":{"line":33,"column":7}},"5":{"start":{"line":36,"column":4},"end":{"line":38,"column":5}},"6":{"start":{"line":37,"column":6},"end":{"line":37,"column":43}},"7":{"start":{"line":42,"column":4},"end":{"line":92,"column":5}},"8":{"start":{"line":44,"column":6},"end":{"line":46,"column":7}},"9":{"start":{"line":45,"column":8},"end":{"line":45,"column":35}},"10":{"start":{"line":49,"column":6},"end":{"line":91,"column":8}},"11":{"start":{"line":77,"column":27},"end":{"line":77,"column":51}},"12":{"start":{"line":94,"column":4},"end":{"line":94,"column":31}},"13":{"start":{"line":20,"column":0},"end":{"line":20,"column":13}},"14":{"start":{"line":98,"column":0},"end":{"line":98,"column":29}}},"fnMap":{"0":{"name":"(anonymous_0)","decl":{"start":{"line":20,"column":0},"end":{"line":20,"column":13}},"loc":{"start":{"line":20,"column":0},"end":{"line":96,"column":1}}},"1":{"name":"(anonymous_1)","decl":{"start":{"line":25,"column":9},"end":{"line":25,"column":15}},"loc":{"start":{"line":25,"column":53},"end":{"line":27,"column":3}}},"2":{"name":"(anonymous_2)","decl":{"start":{"line":29,"column":9},"end":{"line":29,"column":26}},"loc":{"start":{"line":29,"column":61},"end":{"line":39,"column":3}}},"3":{"name":"(anonymous_3)","decl":{"start":{"line":41,"column":9},"end":{"line":41,"column":15}},"loc":{"start":{"line":41,"column":15},"end":{"line":95,"column":3}}},"4":{"name":"(anonymous_4)","decl":{"start":{"line":77,"column":21},"end":{"line":77,"column":24}},"loc":{"start":{"line":77,"column":27},"end":{"line":77,"column":51}}}},"branchMap":{"0":{"loc":{"start":{"line":36,"column":4},"end":{"line":38,"column":5}},"type":"if","locations":[{"start":{"line":36,"column":4},"end":{"line":38,"column":5}}]},"1":{"loc":{"start":{"line":42,"column":4},"end":{"line":92,"column":5}},"type":"if","locations":[{"start":{"line":42,"column":4},"end":{"line":92,"column":5}}]},"2":{"loc":{"start":{"line":44,"column":6},"end":{"line":46,"column":7}},"type":"if","locations":[{"start":{"line":44,"column":6},"end":{"line":46,"column":7}}]}},"s":{"0":2,"1":2,"2":22,"3":8,"4":4,"5":4,"6":1,"7":30,"8":8,"9":2,"10":6,"11":0,"12":22,"13":2,"14":2},"f":{"0":23,"1":8,"2":4,"3":30,"4":0},"b":{"0":[1],"1":[8],"2":[2]}}
,"C:\\Applications\\Cheetah-Payroll\\src\\shared\\components\\ui\\Button.tsx": {"path":"C:\\Applications\\Cheetah-Payroll\\src\\shared\\components\\ui\\Button.tsx","statementMap":{"0":{"start":{"line":6,"column":0},"end":{"line":6,"column":75}},"1":{"start":{"line":7,"column":0},"end":{"line":7,"column":71}},"2":{"start":{"line":21,"column":13},"end":{"line":278,"column":2}},"3":{"start":{"line":38,"column":35},"end":{"line":38,"column":51}},"4":{"start":{"line":40,"column":23},"end":{"line":76,"column":6}},"5":{"start":{"line":78,"column":26},"end":{"line":180,"column":6}},"6":{"start":{"line":182,"column":44},"end":{"line":199,"column":6}},"7":{"start":{"line":202,"column":6},"end":{"line":208,"column":12}},"8":{"start":{"line":210,"column":45},"end":{"line":213,"column":6}},"9":{"start":{"line":215,"column":48},"end":{"line":220,"column":6}},"10":{"start":{"line":222,"column":27},"end":{"line":232,"column":null}},"11":{"start":{"line":223,"column":6},"end":{"line":231,"column":null}},"12":{"start":{"line":235,"column":4},"end":{"line":276,"column":6}},"13":{"start":{"line":280,"column":0},"end":{"line":280,"column":30}},"14":{"start":{"line":282,"column":0},"end":{"line":282,"column":22}}},"fnMap":{"0":{"name":"(anonymous_0)","decl":{"start":{"line":22,"column":2},"end":{"line":22,"column":null}},"loc":{"start":{"line":37,"column":6},"end":{"line":277,"column":3}}},"1":{"name":"(anonymous_1)","decl":{"start":{"line":222,"column":27},"end":{"line":222,"column":30}},"loc":{"start":{"line":223,"column":6},"end":{"line":231,"column":null}}}},"branchMap":{"0":{"loc":{"start":{"line":25,"column":6},"end":{"line":25,"column":25}},"type":"default-arg","locations":[{"start":{"line":25,"column":16},"end":{"line":25,"column":25}}]},"1":{"loc":{"start":{"line":26,"column":6},"end":{"line":26,"column":17}},"type":"default-arg","locations":[{"start":{"line":26,"column":13},"end":{"line":26,"column":17}}]},"2":{"loc":{"start":{"line":27,"column":6},"end":{"line":27,"column":21}},"type":"default-arg","locations":[{"start":{"line":27,"column":16},"end":{"line":27,"column":21}}]},"3":{"loc":{"start":{"line":28,"column":6},"end":{"line":28,"column":22}},"type":"default-arg","locations":[{"start":{"line":28,"column":17},"end":{"line":28,"column":22}}]},"4":{"loc":{"start":{"line":29,"column":6},"end":{"line":29,"column":23}},"type":"default-arg","locations":[{"start":{"line":29,"column":18},"end":{"line":29,"column":23}}]},"5":{"loc":{"start":{"line":32,"column":6},"end":{"line":32,"column":20}},"type":"default-arg","locations":[{"start":{"line":32,"column":18},"end":{"line":32,"column":20}}]},"6":{"loc":{"start":{"line":196,"column":13},"end":{"line":196,"column":40}},"type":"cond-expr","locations":[{"start":{"line":196,"column":25},"end":{"line":196,"column":31}},{"start":{"line":196,"column":34},"end":{"line":196,"column":40}}]},"7":{"loc":{"start":{"line":202,"column":6},"end":{"line":208,"column":12}},"type":"cond-expr","locations":[{"start":{"line":203,"column":10},"end":{"line":207,"column":null}},{"start":{"line":208,"column":10},"end":{"line":208,"column":12}}]},"8":{"loc":{"start":{"line":202,"column":6},"end":{"line":202,"column":25}},"type":"binary-expr","locations":[{"start":{"line":202,"column":6},"end":{"line":202,"column":14}},{"start":{"line":202,"column":18},"end":{"line":202,"column":25}}]},"9":{"loc":{"start":{"line":241,"column":20},"end":{"line":241,"column":39}},"type":"binary-expr","locations":[{"start":{"line":241,"column":20},"end":{"line":241,"column":28}},{"start":{"line":241,"column":32},"end":{"line":241,"column":39}}]},"10":{"loc":{"start":{"line":244,"column":11},"end":{"line":244,"column":40}},"type":"binary-expr","locations":[{"start":{"line":244,"column":11},"end":{"line":244,"column":18}},{"start":{"line":244,"column":22},"end":{"line":244,"column":40}}]},"11":{"loc":{"start":{"line":245,"column":11},"end":{"line":251,"column":null}},"type":"binary-expr","locations":[{"start":{"line":245,"column":11},"end":{"line":245,"column":19}},{"start":{"line":245,"column":23},"end":{"line":245,"column":31}},{"start":{"line":246,"column":12},"end":{"line":250,"column":null}}]},"12":{"loc":{"start":{"line":254,"column":58},"end":{"line":254,"column":84}},"type":"cond-expr","locations":[{"start":{"line":254,"column":68},"end":{"line":254,"column":74}},{"start":{"line":254,"column":77},"end":{"line":254,"column":84}}]},"13":{"loc":{"start":{"line":258,"column":11},"end":{"line":264,"column":null}},"type":"binary-expr","locations":[{"start":{"line":258,"column":11},"end":{"line":258,"column":19}},{"start":{"line":258,"column":23},"end":{"line":258,"column":32}},{"start":{"line":259,"column":12},"end":{"line":263,"column":null}}]}},"s":{"0":1,"1":1,"2":1,"3":9,"4":9,"5":9,"6":9,"7":9,"8":9,"9":9,"10":9,"11":0,"12":9,"13":1,"14":1},"f":{"0":9,"1":0},"b":{"0":[0],"1":[1],"2":[9],"3":[3],"4":[9],"5":[9],"6":[0,9],"7":[2,7],"8":[9,7],"9":[9,7],"10":[9,0],"11":[9,9,0],"12":[0,9],"13":[9,9,0]}}
[...]
:218,"column":24}}},"fnMap":{"0":{"name":"(anonymous_0)","decl":{"start":{"line":39,"column":24},"end":{"line":39,"column":25}},"loc":{"start":{"line":39,"column":65},"end":{"line":216,"column":1}}},"1":{"name":"(anonymous_1)","decl":{"start":{"line":46,"column":49},"end":{"line":46,"column":52}},"loc":{"start":{"line":46,"column":54},"end":{"line":62,"column":3}}},"2":{"name":"(anonymous_2)","decl":{"start":{"line":65,"column":64},"end":{"line":65,"column":67}},"loc":{"start":{"line":65,"column":69},"end":{"line":74,"column":3}}},"3":{"name":"(anonymous_3)","decl":{"start":{"line":77,"column":12},"end":{"line":77,"column":15}},"loc":{"start":{"line":77,"column":17},"end":{"line":108,"column":3}}},"4":{"name":"(anonymous_4)","decl":{"start":{"line":82,"column":25},"end":{"line":82,"column":26}},"loc":{"start":{"line":82,"column":52},"end":{"line":90,"column":5}}},"5":{"name":"(anonymous_5)","decl":{"start":{"line":100,"column":11},"end":{"line":100,"column":14}},"loc":{"start":{"line":100,"column":16},"end":{"line":107,"column":5}}},"6":{"name":"(anonymous_6)","decl":{"start":{"line":117,"column":12},"end":{"line":117,"column":15}},"loc":{"start":{"line":117,"column":17},"end":{"line":162,"column":3}}},"7":{"name":"(anonymous_7)","decl":{"start":{"line":120,"column":23},"end":{"line":120,"column":26}},"loc":{"start":{"line":120,"column":28},"end":{"line":159,"column":5}}},"8":{"name":"(anonymous_8)","decl":{"start":{"line":148,"column":19},"end":{"line":148,"column":22}},"loc":{"start":{"line":148,"column":24},"end":{"line":150,"column":9}}},"9":{"name":"(anonymous_9)","decl":{"start":{"line":165,"column":12},"end":{"line":165,"column":15}},"loc":{"start":{"line":165,"column":17},"end":{"line":173,"column":3}}},"10":{"name":"(anonymous_10)","decl":{"start":{"line":177,"column":4},"end":{"line":177,"column":5}},"loc":{"start":{"line":177,"column":24},"end":{"line":192,"column":5}}},"11":{"name":"(anonymous_11)","decl":{"start":{"line":197,"column":34},"end":{"line":197,"column":37}},"loc":{"start":{"line":197,"column":39},"end":{"line":204,"column":3}}}},"branchMap":{"0":{"loc":{"start":{"line":39,"column":25},"end":{"line":39,"column":49}},"type":"default-arg","locations":[{"start":{"line":39,"column":47},"end":{"line":39,"column":49}}]},"1":{"loc":{"start":{"line":48,"column":6},"end":{"line":48,"column":61}},"type":"if","locations":[{"start":{"line":48,"column":6},"end":{"line":48,"column":61}}]},"2":{"loc":{"start":{"line":53,"column":6},"end":{"line":55,"column":7}},"type":"if","locations":[{"start":{"line":53,"column":6},"end":{"line":55,"column":7}}]},"3":{"loc":{"start":{"line":53,"column":10},"end":{"line":53,"column":56}},"type":"binary-expr","locations":[{"start":{"line":53,"column":10},"end":{"line":53,"column":20}},{"start":{"line":53,"column":24},"end":{"line":53,"column":56}}]},"4":{"loc":{"start":{"line":66,"column":4},"end":{"line":66,"column":54}},"type":"if","locations":[{"start":{"line":66,"column":4},"end":{"line":66,"column":54}}]},"5":{"loc":{"start":{"line":69,"column":13},"end":{"line":69,"column":89}},"type":"cond-expr","locations":[{"start":{"line":69,"column":73},"end":{"line":69,"column":79}},{"start":{"line":69,"column":82},"end":{"line":69,"column":89}}]},"6":{"loc":{"start":{"line":78,"column":4},"end":{"line":78,"column":63}},"type":"if","locations":[{"start":{"line":78,"column":4},"end":{"line":78,"column":63}}]},"7":{"loc":{"start":{"line":78,"column":8},"end":{"line":78,"column":54}},"type":"binary-expr","locations":[{"start":{"line":78,"column":8},"end":{"line":78,"column":21}},{"start":{"line":78,"column":25},"end":{"line":78,"column":54}}]},"8":{"loc":{"start":{"line":83,"column":29},"end":{"line":83,"column":57}},"type":"cond-expr","locations":[{"start":{"line":83,"column":41},"end":{"line":83,"column":47}},{"start":{"line":83,"column":50},"end":{"line":83,"column":57}}]},"9":{"loc":{"start":{"line":93,"column":4},"end":{"line":98,"column":5}},"type":"if","locations":[{"start":{"line":93,"column":4},"end":{"line":98,"column":5}},{"start":{"line":95,"column":11},"end":{"line":98,"column":5}}]},"10":{"loc":{"start":{"line":101,"column":6},"end":{"line":106,"column":7}},"type":"if","locations":[{"start":{"line":101,"column":6},"end":{"line":106,"column":7}},{"start":{"line":103,"column":13},"end":{"line":106,"column":7}}]},"11":{"loc":{"start":{"line":111,"column":39},"end":{"line":111,"column":79}},"type":"cond-expr","locations":[{"start":{"line":111,"column":60},"end":{"line":111,"column":71}},{"start":{"line":111,"column":74},"end":{"line":111,"column":79}}]},"12":{"loc":{"start":{"line":118,"column":4},"end":{"line":118,"column":46}},"type":"if","locations":[{"start":{"line":118,"column":4},"end":{"line":118,"column":46}}]},"13":{"loc":{"start":{"line":131,"column":6},"end":{"line":136,"column":7}},"type":"if","locations":[{"start":{"line":131,"column":6},"end":{"line":136,"column":7}},{"start":{"line":134,"column":13},"end":{"line":136,"column":7}}]},"14":{"loc":{"start":{"line":142,"column":6},"end":{"line":151,"column":7}},"type":"if","locations":[{"start":{"line":142,"column":6},"end":{"line":151,"column":7}}]},"15":{"loc":{"start":{"line":166,"column":4},"end":{"line":166,"column":46}},"type":"if","locations":[{"start":{"line":166,"column":4},"end":{"line":166,"column":46}}]},"16":{"loc":{"start":{"line":178,"column":6},"end":{"line":178,"column":37}},"type":"if","locations":[{"start":{"line":178,"column":6},"end":{"line":178,"column":37}}]},"17":{"loc":{"start":{"line":181,"column":6},"end":{"line":184,"column":7}},"type":"if","locations":[{"start":{"line":181,"column":6},"end":{"line":184,"column":7}}]},"18":{"loc":{"start":{"line":190,"column":23},"end":{"line":190,"column":69}},"type":"cond-expr","locations":[{"start":{"line":190,"column":47},"end":{"line":190,"column":58}},{"start":{"line":190,"column":61},"end":{"line":190,"column":69}}]}},"s":{"0":4,"1":4,"2":4,"3":4,"4":34,"5":34,"6":29,"7":29,"8":0,"9":29,"10":27,"11":27,"12":19,"13":8,"14":2,"15":2,"16":34,"17":29,"18":0,"19":29,"20":29,"21":1,"22":1,"23":34,"24":29,"25":1,"26":28,"27":27,"28":1,"29":1,"30":1,"31":27,"32":26,"33":1,"34":27,"35":27,"36":26,"37":1,"38":34,"39":34,"40":34,"41":34,"42":34,"43":28,"44":0,"45":28,"46":28,"47":28,"48":28,"49":28,"50":28,"51":28,"52":28,"53":28,"54":0,"55":28,"56":28,"57":28,"58":28,"59":28,"60":28,"61":5,"62":28,"63":28,"64":34,"65":28,"66":0,"67":28,"68":28,"69":0,"70":34,"71":5,"72":1,"73":4,"74":4,"75":0,"76":0,"77":4,"78":4,"79":34,"80":3,"81":3,"82":3,"83":3,"84":3,"85":34,"86":4,"87":4},"f":{"0":34,"1":29,"2":29,"3":29,"4":1,"5":27,"6":28,"7":28,"8":5,"9":28,"10":5,"11":3},"b":{"0":[17],"1":[0],"2":[19],"3":[27,21],"4":[0],"5":[1,27],"6":[1],"7":[29,28],"8":[1,0],"9":[26,1],"10":[26,1],"11":[22,12],"12":[0],"13":[28,0],"14":[28],"15":[0],"16":[1],"17":[0],"18":[1,3]}}
,"C:\\Applications\\Cheetah-Payroll\\src\\shared\\services\\user.service.ts": {"path":"C:\\Applications\\Cheetah-Payroll\\src\\shared\\services\\user.service.ts","statementMap":{"0":{"start":{"line":5,"column":0},"end":{"line":5,"column":7}},"1":{"start":{"line":11,"column":0},"end":{"line":11,"column":7}},"2":{"start":{"line":1,"column":0},"end":{"line":1,"column":70}},"3":{"start":{"line":2,"column":0},"end":{"line":2,"column":55}},"4":{"start":{"line":6,"column":14},"end":{"line":6,"column":38}},"5":{"start":{"line":7,"column":15},"end":{"line":7,"column":32}},"6":{"start":{"line":8,"column":2},"end":{"line":8,"column":74}},"7":{"start":{"line":12,"column":2},"end":{"line":12,"column":36}},"8":{"start":{"line":12,"column":26},"end":{"line":12,"column":36}},"9":{"start":{"line":13,"column":23},"end":{"line":13,"column":50}},"10":{"start":{"line":14,"column":27},"end":{"line":14,"column":54}},"11":{"start":{"line":15,"column":2},"end":{"line":17,"column":60}},"12":{"start":{"line":16,"column":19},"end":{"line":16,"column":46}},"13":{"start":{"line":17,"column":17},"end":{"line":17,"column":46}}},"fnMap":{"0":{"name":"getUserProfile","decl":{"start":{"line":5,"column":22},"end":{"line":5,"column":36}},"loc":{"start":{"line":5,"column":51},"end":{"line":9,"column":1}}},"1":{"name":"getCompaniesByIds","decl":{"start":{"line":11,"column":22},"end":{"line":11,"column":39}},"loc":{"start":{"line":11,"column":60},"end":{"line":18,"column":1}}},"2":{"name":"(anonymous_2)","decl":{"start":{"line":16,"column":12},"end":{"line":16,"column":15}},"loc":{"start":{"line":16,"column":19},"end":{"line":16,"column":46}}},"3":{"name":"(anonymous_3)","decl":{"start":{"line":17,"column":9},"end":{"line":17,"column":12}},"loc":{"start":{"line":17,"column":17},"end":{"line":17,"column":46}}}},"branchMap":{"0":{"loc":{"start":{"line":8,"column":9},"end":{"line":8,"column":73}},"type":"cond-expr","locations":[{"start":{"line":8,"column":26},"end":{"line":8,"column":66}},{"start":{"line":8,"column":69},"end":{"line":8,"column":73}}]},"1":{"loc":{"start":{"line":12,"column":2},"end":{"line":12,"column":36}},"type":"if","locations":[{"start":{"line":12,"column":2},"end":{"line":12,"column":36}}]}},"s":{"0":2,"1":2,"2":2,"3":2,"4":0,"5":0,"6":0,"7":0,"8":0,"9":0,"10":0,"11":0,"12":0,"13":0},"f":{"0":0,"1":0,"2":0,"3":0},"b":{"0":[0,0],"1":[0]}}
,"C:\\Applications\\Cheetah-Payroll\\src\\shared\\utils\\logger.ts": {"path":"C:\\Applications\\Cheetah-Payroll\\src\\shared\\utils\\logger.ts","statementMap":{"0":{"start":{"line":6,"column":0},"end":{"line":6,"column":54}},"1":{"start":{"line":8,"column":0},"end":{"line":8,"column":null}},"2":{"start":{"line":9,"column":2},"end":{"line":9,"column":null}},"3":{"start":{"line":10,"column":2},"end":{"line":10,"column":null}},"4":{"start":{"line":11,"column":2},"end":{"line":11,"column":null}},"5":{"start":{"line":12,"column":2},"end":{"line":12,"column":null}},"6":{"start":{"line":20,"column":4},"end":{"line":20,"column":59}},"7":{"start":{"line":21,"column":4},"end":{"line":21,"column":54}},"8":{"start":{"line":25,"column":4},"end":{"line":36,"column":5}},"9":{"start":{"line":27,"column":8},"end":{"line":27,"column":30}},"10":{"start":{"line":29,"column":8},"end":{"line":29,"column":29}},"11":{"start":{"line":31,"column":8},"end":{"line":31,"column":29}},"12":{"start":{"line":33,"column":8},"end":{"line":33,"column":30}},"13":{"start":{"line":35,"column":8},"end":{"line":35,"column":29}},"14":{"start":{"line":40,"column":4},"end":{"line":40,"column":34}},"15":{"start":{"line":44,"column":22},"end":{"line":44,"column":46}},"16":{"start":{"line":45,"column":23},"end":{"line":45,"column":78}},"17":{"start":{"line":46,"column":4},"end":{"line":46,"column":77}},"18":{"start":{"line":50,"column":4},"end":{"line":52,"column":5}},"19":{"start":{"line":51,"column":6},"end":{"line":51,"column":65}},"20":{"start":{"line":56,"column":4},"end":{"line":58,"column":5}},"21":{"start":{"line":57,"column":6},"end":{"line":57,"column":65}},"22":{"start":{"line":62,"column":4},"end":{"line":64,"column":5}},"23":{"start":{"line":63,"column":6},"end":{"line":63,"column":65}},"24":{"start":{"line":68,"column":4},"end":{"line":78,"column":5}},"25":{"start":{"line":69,"column":23},"end":{"line":69,"column":64}},"26":{"start":{"line":70,"column":26},"end":{"line":70,"column":82}},"27":{"start":{"line":72,"column":6},"end":{"line":77,"column":7}},"28":{"start":{"line":73,"column":8},"end":{"line":73,"column":35}},"29":{"start":{"line":74,"column":8},"end":{"line":76,"column":9}},"30":{"start":{"line":75,"column":10},"end":{"line":75,"column":53}},"31":{"start":{"line":82,"column":13},"end":{"line":82,"column":35}},"32":{"start":{"line":83,"column":0},"end":{"line":83,"column":22}}},"fnMap":{"0":{"name":"(anonymous_0)","decl":{"start":{"line":8,"column":0},"end":{"line":8,"column":12}},"loc":{"start":{"line":8,"column":20},"end":{"line":13,"column":1}}},"1":{"name":"(anonymous_1)","decl":{"start":{"line":19,"column":2},"end":{"line":19,"column":null}},"loc":{"start":{"line":19,"column":2},"end":{"line":22,"column":3}}},"2":{"name":"(anonymous_2)","decl":{"start":{"line":24,"column":10},"end":{"line":24,"column":21}},"loc":{"start":{"line":24,"column":35},"end":{"line":37,"column":3}}},"3":{"name":"(anonymous_3)","decl":{"start":{"line":39,"column":10},"end":{"line":39,"column":19}},"loc":{"start":{"line":39,"column":35},"end":{"line":41,"column":3}}},"4":{"name":"(anonymous_4)","decl":{"start":{"line":43,"column":10},"end":{"line":43,"column":23}},"loc":{"start":{"line":43,"column":69},"end":{"line":47,"column":3}}},"5":{"name":"(anonymous_5)","decl":{"start":{"line":49,"column":2},"end":{"line":49,"column":7}},"loc":{"start":{"line":49,"column":38},"end":{"line":53,"column":3}}},"6":{"name":"(anonymous_6)","decl":{"start":{"line":55,"column":2},"end":{"line":55,"column":6}},"loc":{"start":{"line":55,"column":37},"end":{"line":59,"column":3}}},"7":{"name":"(anonymous_7)","decl":{"start":{"line":61,"column":2},"end":{"line":61,"column":6}},"loc":{"start":{"line":61,"column":37},"end":{"line":65,"column":3}}},"8":{"name":"(anonymous_8)","decl":{"start":{"line":67,"column":2},"end":{"line":67,"column":7}},"loc":{"start":{"line":67,"column":53},"end":{"line":79,"column":3}}}},"branchMap":{"0":{"loc":{"start":{"line":8,"column":12},"end":{"line":8,"column":null}},"type":"binary-expr","locations":[{"start":{"line":8,"column":12},"end":{"line":8,"column":20}},{"start":{"line":8,"column":20},"end":{"line":8,"column":null}}]},"1":{"loc":{"start":{"line":25,"column":4},"end":{"line":36,"column":5}},"type":"switch","locations":[{"start":{"line":26,"column":6},"end":{"line":27,"column":30}},{"start":{"line":28,"column":6},"end":{"line":29,"column":29}},{"start":{"line":30,"column":6},"end":{"line":31,"column":29}},{"start":{"line":32,"column":6},"end":{"line":33,"column":30}},{"start":{"line":34,"column":6},"end":{"line":35,"column":29}}]},"2":{"loc":{"start":{"line":45,"column":23},"end":{"line":45,"column":78}},"type":"cond-expr","locations":[{"start":{"line":45,"column":33},"end":{"line":45,"column":73}},{"start":{"line":45,"column":76},"end":{"line":45,"column":78}}]},"3":{"loc":{"start":{"line":50,"column":4},"end":{"line":52,"column":5}},"type":"if","locations":[{"start":{"line":50,"column":4},"end":{"line":52,"column":5}}]},"4":{"loc":{"start":{"line":50,"column":8},"end":{"line":50,"column":60}},"type":"binary-expr","locations":[{"start":{"line":50,"column":8},"end":{"line":50,"column":38}},{"start":{"line":50,"column":42},"end":{"line":50,"column":60}}]},"5":{"loc":{"start":{"line":56,"column":4},"end":{"line":58,"column":5}},"type":"if","locations":[{"start":{"line":56,"column":4},"end":{"line":58,"column":5}}]},"6":{"loc":{"start":{"line":56,"column":8},"end":{"line":56,"column":59}},"type":"binary-expr","locations":[{"start":{"line":56,"column":8},"end":{"line":56,"column":37}},{"start":{"line":56,"column":41},"end":{"line":56,"column":59}}]},"7":{"loc":{"start":{"line":62,"column":4},"end":{"line":64,"column":5}},"type":"if","locations":[{"start":{"line":62,"column":4},"end":{"line":64,"column":5}}]},"8":{"loc":{"start":{"line":62,"column":8},"end":{"line":62,"column":59}},"type":"binary-expr","locations":[{"start":{"line":62,"column":8},"end":{"line":62,"column":37}},{"start":{"line":62,"column":41},"end":{"line":62,"column":59}}]},"9":{"loc":{"start":{"line":68,"column":4},"end":{"line":78,"column":5}},"type":"if","locations":[{"start":{"line":68,"column":4},"end":{"line":78,"column":5}}]},"10":{"loc":{"start":{"line":69,"column":23},"end":{"line":69,"column":64}},"type":"cond-expr","locations":[{"start":{"line":69,"column":31},"end":{"line":69,"column":59}},{"start":{"line":69,"column":62},"end":{"line":69,"column":64}}]},"11":{"loc":{"start":{"line":72,"column":6},"end":{"line":77,"column":7}},"type":"if","locations":[{"start":{"line":72,"column":6},"end":{"line":77,"column":7}}]},"12":{"loc":{"start":{"line":74,"column":8},"end":{"line":76,"column":9}},"type":"if","locations":[{"start":{"line":74,"column":8},"end":{"line":76,"column":9}}]}},"s":{"0":1,"1":1,"2":1,"3":1,"4":1,"5":1,"6":1,"7":1,"8":1,"9":1,"10":0,"11":0,"12":0,"13":0,"14":2,"15":2,"16":2,"17":2,"18":1,"19":1,"20":0,"21":0,"22":0,"23":0,"24":1,"25":1,"26":1,"27":1,"28":1,"29":1,"30":1,"31":1,"32":1},"f":{"0":1,"1":1,"2":1,"3":2,"4":2,"5":1,"6":0,"7":0,"8":1},"b":{"0":[1,1],"1":[1,0,0,0,0],"2":[1,1],"3":[1],"4":[1,1],"5":[0],"6":[0,0],"7":[0],"8":[0,0],"9":[1],"10":[1,0],"11":[1],"12":[1]}}
,"C:\\Applications\\Cheetah-Payroll\\src\\shared\\utils\\test-utils.tsx": {"path":"C:\\Applications\\Cheetah-Payroll\\src\\shared\\utils\\test-utils.tsx","statementMap":{"0":{"start":{"line":11,"column":0},"end":{"line":29,"column":4}},"1":{"start":{"line":11,"column":54},"end":{"line":29,"column":2}},"2":{"start":{"line":32,"column":0},"end":{"line":39,"column":4}},"3":{"start":{"line":32,"column":36},"end":{"line":39,"column":2}},"4":{"start":{"line":7,"column":0},"end":{"line":7,"column":63}},"5":{"start":{"line":8,"column":0},"end":{"line":8,"column":63}},"6":{"start":{"line":42,"column":24},"end":{"line":44,"column":1}},"7":{"start":{"line":43,"column":2},"end":{"line":43,"column":47}},"8":{"start":{"line":46,"column":21},"end":{"line":47,"column":54}},"9":{"start":{"line":47,"column":2},"end":{"line":47,"column":54}},"10":{"start":{"line":51,"column":25},"end":{"line":51,"column":31}},"11":{"start":{"line":50,"column":0},"end":{"line":50,"column":39}},"12":{"start":{"line":54,"column":30},"end":{"line":62,"column":2}},"13":{"start":{"line":54,"column":51},"end":{"line":62,"column":2}},"14":{"start":{"line":54,"column":13},"end":{"line":54,"column":30}},"15":{"start":{"line":64,"column":33},"end":{"line":69,"column":2}},"16":{"start":{"line":64,"column":54},"end":{"line":69,"column":2}},"17":{"start":{"line":64,"column":13},"end":{"line":64,"column":33}},"18":{"start":{"line":72,"column":38},"end":{"line":77,"column":2}},"19":{"start":{"line":72,"column":59},"end":{"line":77,"column":2}},"20":{"start":{"line":72,"column":13},"end":{"line":72,"column":38}},"21":{"start":{"line":80,"column":13},"end":{"line":84,"column":2}}},"fnMap":{"0":{"name":"(anonymous_4)","decl":{"start":{"line":11,"column":47},"end":{"line":11,"column":50}},"loc":{"start":{"line":11,"column":54},"end":{"line":29,"column":2}}},"1":{"name":"(anonymous_5)","decl":{"start":{"line":32,"column":29},"end":{"line":32,"column":32}},"loc":{"start":{"line":32,"column":36},"end":{"line":39,"column":2}}},"2":{"name":"(anonymous_6)","decl":{"start":{"line":42,"column":24},"end":{"line":42,"column":25}},"loc":{"start":{"line":42,"column":72},"end":{"line":44,"column":1}}},"3":{"name":"(anonymous_7)","decl":{"start":{"line":46,"column":21},"end":{"line":46,"column":22}},"loc":{"start":{"line":47,"column":2},"end":{"line":47,"column":54}}},"4":{"name":"(anonymous_8)","decl":{"start":{"line":54,"column":30},"end":{"line":54,"column":31}},"loc":{"start":{"line":54,"column":51},"end":{"line":62,"column":2}}},"5":{"name":"(anonymous_9)","decl":{"start":{"line":64,"column":33},"end":{"line":64,"column":34}},"loc":{"start":{"line":64,"column":54},"end":{"line":69,"column":2}}},"6":{"name":"(anonymous_10)","decl":{"start":{"line":72,"column":38},"end":{"line":72,"column":39}},"loc":{"start":{"line":72,"column":59},"end":{"line":77,"column":2}}}},"branchMap":{"0":{"loc":{"start":{"line":54,"column":31},"end":{"line":54,"column":45}},"type":"default-arg","locations":[{"start":{"line":54,"column":43},"end":{"line":54,"column":45}}]},"1":{"loc":{"start":{"line":64,"column":34},"end":{"line":64,"column":48}},"type":"default-arg","locations":[{"start":{"line":64,"column":46},"end":{"line":64,"column":48}}]},"2":{"loc":{"start":{"line":72,"column":39},"end":{"line":72,"column":53}},"type":"default-arg","locations":[{"start":{"line":72,"column":51},"end":{"line":72,"column":53}}]}},"s":{"0":2,"1":4,"2":2,"3":3,"4":2,"5":2,"6":2,"7":13,"8":2,"9":9,"10":2,"11":2,"12":2,"13":0,"14":2,"15":2,"16":0,"17":2,"18":2,"19":0,"20":2,"21":2},"f":{"0":4,"1":3,"2":13,"3":9,"4":0,"5":0,"6":0},"b":{"0":[0],"1":[0],"2":[0]}}
}
