TN:
SF:src\core\config\env.config.ts
FN:41,validateEnv
FN:51,(anonymous_1)
FN:59,getConfig
FNF:3
FNH:3
FNDA:1,validateEnv
FNDA:6,(anonymous_1)
FNDA:1,getConfig
DA:29,1
DA:42,1
DA:51,6
DA:53,1
DA:54,1
DA:55,1
DA:59,1
DA:60,1
DA:62,1
DA:86,1
LF:10
LH:10
BRDA:30,0,0,1
BRDA:30,0,1,0
BRDA:37,1,0,1
BRDA:37,1,1,1
BRDA:38,2,0,1
BRDA:38,2,1,1
BRDA:53,3,0,1
BRDA:67,4,0,1
BRDA:67,4,1,1
BRDA:68,5,0,1
BRDA:68,5,1,1
BRDA:69,6,0,1
BRDA:69,6,1,1
BRDA:70,7,0,1
BRDA:70,7,1,1
BRDA:71,8,0,1
BRDA:71,8,1,1
BRDA:72,9,0,1
BRDA:72,9,1,1
BRDA:80,10,0,0
BRDA:80,10,1,1
BRF:21
BRH:19
end_of_record
TN:
SF:src\core\providers\AppProvider.tsx
FN:16,(anonymous_0)
FN:17,(anonymous_1)
FNF:2
FNH:1
FNDA:13,(anonymous_0)
FNDA:0,(anonymous_1)
DA:7,2
DA:8,2
DA:9,2
DA:10,2
DA:16,2
DA:17,13
DA:18,0
DA:23,13
DA:32,2
LF:9
LH:8
BRF:0
BRH:0
end_of_record
TN:
SF:src\core\providers\AuthProvider.tsx
FN:24,(anonymous_0)
FN:30,(anonymous_1)
FNF:2
FNH:2
FNDA:23,(anonymous_0)
FNDA:7,(anonymous_1)
DA:6,2
DA:7,2
DA:18,2
DA:24,2
DA:25,23
DA:27,23
DA:30,2
DA:31,7
DA:32,7
DA:33,0
DA:35,7
DA:38,2
LF:12
LH:11
BRDA:32,0,0,0
BRF:1
BRH:0
end_of_record
TN:
SF:src\core\providers\ThemeProvider.tsx
FN:32,(anonymous_9)
FN:49,(anonymous_10)
FN:50,(anonymous_11)
FN:53,(anonymous_12)
FN:64,(anonymous_13)
FN:78,(anonymous_14)
FN:87,(anonymous_15)
FN:95,(anonymous_16)
FN:101,(anonymous_17)
FN:110,(anonymous_18)
FNF:10
FNH:7
FNDA:14,(anonymous_9)
FNDA:10,(anonymous_10)
FNDA:10,(anonymous_11)
FNDA:10,(anonymous_12)
FNDA:10,(anonymous_13)
FNDA:16,(anonymous_14)
FNDA:13,(anonymous_15)
FNDA:0,(anonymous_16)
FNDA:0,(anonymous_17)
FNDA:0,(anonymous_18)
DA:6,3
DA:7,3
DA:8,3
DA:21,3
DA:32,3
DA:40,14
DA:49,14
DA:50,10
DA:51,10
DA:53,10
DA:54,0
DA:56,10
DA:60,10
DA:64,14
DA:65,10
DA:66,0
DA:75,14
DA:78,3
DA:79,16
DA:80,16
DA:81,0
DA:83,16
DA:87,3
DA:88,13
DA:90,13
DA:96,0
DA:97,0
DA:102,0
DA:103,0
DA:111,0
DA:116,3
LF:31
LH:23
BRDA:34,0,0,14
BRDA:35,1,0,14
BRDA:36,2,0,14
BRDA:37,3,0,14
BRDA:38,4,0,14
BRDA:65,5,0,0
BRDA:80,6,0,0
BRDA:96,7,0,0
BRDA:102,8,0,0
BRDA:111,9,0,0
BRDA:111,9,1,0
BRF:11
BRH:5
end_of_record
TN:
SF:src\core\providers\auth.provider.ts
FN:19,(anonymous_0)
FN:23,(anonymous_1)
FN:35,(anonymous_2)
FN:70,(anonymous_3)
FN:81,(anonymous_4)
FNF:5
FNH:0
FNDA:0,(anonymous_0)
FNDA:0,(anonymous_1)
FNDA:0,(anonymous_2)
FNDA:0,(anonymous_3)
FNDA:0,(anonymous_4)
DA:6,1
DA:14,1
DA:15,1
DA:17,1
DA:19,1
DA:20,0
DA:23,1
DA:24,0
DA:25,0
DA:26,0
DA:27,0
DA:28,0
DA:30,0
DA:31,0
DA:35,1
DA:36,0
DA:37,0
DA:39,0
DA:42,0
DA:43,0
DA:44,0
DA:46,0
DA:53,0
DA:62,0
DA:63,0
DA:65,0
DA:66,0
DA:70,1
DA:71,0
DA:72,0
DA:73,0
DA:74,0
DA:76,0
DA:77,0
DA:81,1
DA:82,0
DA:83,0
DA:84,0
DA:85,0
DA:87,0
DA:88,0
DA:93,1
DA:94,1
DA:95,1
LF:44
LH:12
BRDA:44,0,0,0
BRDA:44,0,1,0
BRDA:56,1,0,0
BRDA:56,1,1,0
BRF:4
BRH:0
end_of_record
TN:
SF:src\features\staff\components\StaffForm.tsx
FN:30,(anonymous_0)
FN:38,(anonymous_1)
FN:39,(anonymous_2)
FN:48,(anonymous_3)
FN:57,(anonymous_4)
FN:83,(anonymous_5)
FN:89,(anonymous_6)
FN:97,(anonymous_7)
FN:103,(anonymous_8)
FN:112,(anonymous_9)
FN:116,(anonymous_10)
FN:125,(anonymous_11)
FN:137,(anonymous_12)
FN:142,(anonymous_13)
FN:150,(anonymous_14)
FN:155,(anonymous_15)
FN:162,(anonymous_16)
FN:168,(anonymous_17)
FN:174,(anonymous_18)
FN:181,(anonymous_19)
FN:189,(anonymous_20)
FN:194,(anonymous_21)
FNF:22
FNH:0
FNDA:0,(anonymous_0)
FNDA:0,(anonymous_1)
FNDA:0,(anonymous_2)
FNDA:0,(anonymous_3)
FNDA:0,(anonymous_4)
FNDA:0,(anonymous_5)
FNDA:0,(anonymous_6)
FNDA:0,(anonymous_7)
FNDA:0,(anonymous_8)
FNDA:0,(anonymous_9)
FNDA:0,(anonymous_10)
FNDA:0,(anonymous_11)
FNDA:0,(anonymous_12)
FNDA:0,(anonymous_13)
FNDA:0,(anonymous_14)
FNDA:0,(anonymous_15)
FNDA:0,(anonymous_16)
FNDA:0,(anonymous_17)
FNDA:0,(anonymous_18)
FNDA:0,(anonymous_19)
FNDA:0,(anonymous_20)
FNDA:0,(anonymous_21)
DA:1,1
DA:2,1
DA:4,1
DA:30,1
DA:34,0
DA:35,0
DA:36,0
DA:38,0
DA:39,0
DA:48,0
DA:49,0
DA:50,0
DA:51,0
DA:52,0
DA:53,0
DA:54,0
DA:57,0
DA:58,0
DA:59,0
DA:60,0
DA:61,0
DA:63,0
DA:64,0
DA:65,0
DA:66,0
DA:67,0
DA:68,0
DA:70,0
DA:72,0
DA:76,0
DA:83,0
DA:89,0
DA:97,0
DA:103,0
DA:112,0
DA:116,0
DA:125,0
DA:137,0
DA:142,0
DA:150,0
DA:155,0
DA:162,0
DA:168,0
DA:174,0
DA:181,0
DA:189,0
DA:194,0
DA:209,1
LF:48
LH:5
BRDA:51,0,0,0
BRDA:51,1,0,0
BRDA:51,1,1,0
BRDA:51,1,2,0
BRDA:51,1,3,0
BRDA:51,1,4,0
BRDA:52,2,0,0
BRDA:52,3,0,0
BRDA:52,3,1,0
BRDA:52,3,2,0
BRDA:53,4,0,0
BRDA:53,5,0,0
BRDA:53,5,1,0
BRDA:59,6,0,0
BRDA:70,7,0,0
BRDA:70,7,1,0
BRDA:198,8,0,0
BRDA:198,8,1,0
BRDA:200,9,0,0
BRDA:200,9,1,0
BRF:20
BRH:0
end_of_record
TN:
SF:src\features\staff\components\StaffImportExport.tsx
FN:39,(anonymous_1)
FN:57,validateRow
FN:87,(anonymous_3)
FN:98,(anonymous_4)
FN:110,(anonymous_5)
FN:120,(anonymous_6)
FN:124,(anonymous_7)
FN:141,(anonymous_8)
FN:149,(anonymous_9)
FN:163,(anonymous_10)
FN:202,(anonymous_11)
FN:202,(anonymous_12)
FN:222,(anonymous_13)
FN:248,(anonymous_14)
FN:260,(anonymous_15)
FNF:15
FNH:0
FNDA:0,(anonymous_1)
FNDA:0,validateRow
FNDA:0,(anonymous_3)
FNDA:0,(anonymous_4)
FNDA:0,(anonymous_5)
FNDA:0,(anonymous_6)
FNDA:0,(anonymous_7)
FNDA:0,(anonymous_8)
FNDA:0,(anonymous_9)
FNDA:0,(anonymous_10)
FNDA:0,(anonymous_11)
FNDA:0,(anonymous_12)
FNDA:0,(anonymous_13)
FNDA:0,(anonymous_14)
FNDA:0,(anonymous_15)
DA:1,1
DA:2,1
DA:3,1
DA:5,1
DA:10,1
DA:39,1
DA:44,0
DA:45,0
DA:46,0
DA:50,0
DA:51,0
DA:52,0
DA:53,0
DA:54,0
DA:58,0
DA:59,0
DA:60,0
DA:64,0
DA:65,0
DA:67,0
DA:69,0
DA:70,0
DA:72,0
DA:73,0
DA:76,0
DA:77,0
DA:80,0
DA:81,0
DA:83,0
DA:87,0
DA:88,0
DA:89,0
DA:90,0
DA:91,0
DA:92,0
DA:93,0
DA:94,0
DA:95,0
DA:99,0
DA:100,0
DA:101,0
DA:102,0
DA:103,0
DA:104,0
DA:105,0
DA:106,0
DA:107,0
DA:108,0
DA:109,0
DA:110,0
DA:111,0
DA:113,0
DA:114,0
DA:115,0
DA:117,0
DA:118,0
DA:120,0
DA:122,0
DA:123,0
DA:124,0
DA:135,0
DA:136,0
DA:138,0
DA:142,0
DA:143,0
DA:149,0
DA:150,0
DA:151,0
DA:152,0
DA:153,0
DA:154,0
DA:155,0
DA:156,0
DA:157,0
DA:158,0
DA:159,0
DA:163,0
DA:164,0
DA:165,0
DA:166,0
DA:167,0
DA:168,0
DA:169,0
DA:170,0
DA:173,0
DA:202,0
DA:223,0
DA:249,0
DA:261,0
DA:282,1
LF:90
LH:7
BRDA:59,0,0,0
BRDA:59,1,0,0
BRDA:59,1,1,0
BRDA:64,2,0,0
BRDA:69,3,0,0
BRDA:72,4,0,0
BRDA:76,5,0,0
BRDA:80,6,0,0
BRDA:89,7,0,0
BRDA:107,8,0,0
BRDA:117,9,0,0
BRDA:117,9,1,0
BRDA:135,10,0,0
BRDA:135,10,1,0
BRDA:142,11,0,0
BRDA:142,11,1,0
BRDA:192,12,0,0
BRDA:192,12,1,0
BRDA:193,13,0,0
BRDA:193,13,1,0
BRDA:195,14,0,0
BRDA:195,14,1,0
BRDA:208,15,0,0
BRDA:208,15,1,0
BRDA:213,16,0,0
BRDA:213,16,1,0
BRDA:218,17,0,0
BRDA:218,17,1,0
BRDA:230,18,0,0
BRDA:230,18,1,0
BRDA:233,19,0,0
BRDA:233,19,1,0
BRDA:253,20,0,0
BRDA:253,20,1,0
BRDA:254,21,0,0
BRDA:254,21,1,0
BRDA:256,22,0,0
BRDA:256,22,1,0
BRF:38
BRH:0
end_of_record
TN:
SF:src\features\staff\components\StaffList.tsx
FN:23,(anonymous_1)
FN:32,(anonymous_2)
FN:36,(anonymous_3)
FN:37,(anonymous_4)
FN:43,(anonymous_5)
FN:44,(anonymous_6)
FN:48,(anonymous_7)
FN:53,(anonymous_8)
FN:58,(anonymous_9)
FN:74,(anonymous_10)
FN:82,(anonymous_11)
FN:125,(anonymous_12)
FN:152,(anonymous_13)
FN:164,(anonymous_14)
FN:185,(anonymous_15)
FN:215,(anonymous_16)
FN:248,(anonymous_17)
FN:263,(anonymous_18)
FN:270,(anonymous_19)
FN:360,(anonymous_20)
FNF:20
FNH:8
FNDA:3,(anonymous_1)
FNDA:1,(anonymous_2)
FNDA:1,(anonymous_3)
FNDA:1,(anonymous_4)
FNDA:0,(anonymous_5)
FNDA:0,(anonymous_6)
FNDA:0,(anonymous_7)
FNDA:0,(anonymous_8)
FNDA:2,(anonymous_9)
FNDA:0,(anonymous_10)
FNDA:0,(anonymous_11)
FNDA:0,(anonymous_12)
FNDA:0,(anonymous_13)
FNDA:0,(anonymous_14)
FNDA:2,(anonymous_15)
FNDA:0,(anonymous_16)
FNDA:0,(anonymous_17)
FNDA:0,(anonymous_18)
FNDA:1,(anonymous_19)
FNDA:2,(anonymous_20)
DA:6,1
DA:7,1
DA:8,1
DA:9,1
DA:10,1
DA:11,1
DA:12,1
DA:13,1
DA:14,1
DA:15,1
DA:16,1
DA:17,1
DA:23,1
DA:24,3
DA:25,3
DA:26,3
DA:27,3
DA:28,3
DA:30,3
DA:32,3
DA:33,1
DA:36,3
DA:37,1
DA:38,1
DA:39,1
DA:43,3
DA:44,0
DA:45,0
DA:48,3
DA:49,0
DA:50,0
DA:53,3
DA:54,0
DA:55,0
DA:58,3
DA:59,2
DA:60,2
DA:70,3
DA:74,0
DA:82,0
DA:90,3
DA:91,1
DA:102,2
DA:125,0
DA:152,0
DA:164,0
DA:186,2
DA:215,0
DA:248,0
DA:263,1
DA:264,0
DA:270,1
DA:271,1
DA:280,1
DA:285,1
DA:289,1
DA:296,1
DA:301,1
DA:307,1
DA:313,1
DA:317,1
DA:322,1
DA:326,1
DA:334,1
DA:339,1
DA:344,1
DA:350,1
DA:355,1
DA:360,1
DA:361,2
DA:362,2
DA:373,1
DA:386,1
LF:73
LH:59
BRDA:30,0,0,0
BRDA:61,1,0,2
BRDA:61,1,1,0
BRDA:61,1,2,0
BRDA:61,1,3,0
BRDA:61,1,4,0
BRDA:61,2,0,2
BRDA:61,2,1,2
BRDA:62,3,0,0
BRDA:62,3,1,0
BRDA:63,4,0,0
BRDA:63,4,1,0
BRDA:64,5,0,0
BRDA:64,5,1,0
BRDA:65,6,0,0
BRDA:65,6,1,0
BRDA:90,7,0,1
BRDA:90,8,0,3
BRDA:90,8,1,1
BRDA:109,9,0,2
BRDA:109,9,1,0
BRDA:130,10,0,0
BRDA:130,10,1,2
BRDA:143,11,0,1
BRDA:143,11,1,1
BRDA:145,12,0,0
BRDA:145,12,1,1
BRDA:190,13,0,2
BRDA:190,13,1,2
BRDA:190,14,0,2
BRDA:190,14,1,2
BRDA:193,15,0,2
BRDA:193,15,1,2
BRDA:198,16,0,2
BRDA:198,16,1,2
BRDA:201,17,0,2
BRDA:201,17,1,2
BRDA:204,18,0,2
BRDA:204,18,1,2
BRDA:208,19,0,2
BRDA:208,19,1,2
BRDA:229,20,0,2
BRDA:229,20,1,0
BRDA:236,21,0,2
BRDA:236,21,1,0
BRDA:244,22,0,2
BRDA:244,22,1,0
BRDA:253,23,0,2
BRDA:253,23,1,0
BRDA:253,23,2,0
BRDA:361,24,0,2
BRDA:361,24,1,2
BRDA:367,25,0,2
BRDA:367,25,1,0
BRDA:368,26,0,2
BRDA:368,26,1,0
BRDA:369,27,0,2
BRDA:369,27,1,0
BRF:58
BRH:34
end_of_record
TN:
SF:src\features\staff\components\StaffProfile.tsx
FN:4,(anonymous_0)
FN:17,(anonymous_1)
FN:19,(anonymous_2)
FN:23,(anonymous_3)
FN:24,(anonymous_4)
FN:27,(anonymous_5)
FN:38,(anonymous_6)
FN:39,(anonymous_7)
FN:48,(anonymous_8)
FN:72,(anonymous_9)
FN:121,(anonymous_10)
FN:127,(anonymous_11)
FN:146,(anonymous_12)
FNF:13
FNH:0
FNDA:0,(anonymous_0)
FNDA:0,(anonymous_1)
FNDA:0,(anonymous_2)
FNDA:0,(anonymous_3)
FNDA:0,(anonymous_4)
FNDA:0,(anonymous_5)
FNDA:0,(anonymous_6)
FNDA:0,(anonymous_7)
FNDA:0,(anonymous_8)
FNDA:0,(anonymous_9)
FNDA:0,(anonymous_10)
FNDA:0,(anonymous_11)
FNDA:0,(anonymous_12)
DA:1,1
DA:2,1
DA:4,1
DA:9,0
DA:10,0
DA:11,0
DA:12,0
DA:13,0
DA:16,0
DA:17,0
DA:18,0
DA:20,0
DA:21,0
DA:23,0
DA:24,0
DA:27,0
DA:28,0
DA:29,0
DA:30,0
DA:33,0
DA:35,0
DA:38,0
DA:39,0
DA:48,0
DA:49,0
DA:50,0
DA:51,0
DA:52,0
DA:53,0
DA:54,0
DA:56,0
DA:58,0
DA:62,0
DA:63,0
DA:64,0
DA:69,0
DA:72,0
DA:73,0
DA:74,0
DA:75,0
DA:76,0
DA:77,0
DA:80,0
DA:81,0
DA:82,0
DA:83,0
DA:84,0
DA:85,0
DA:86,0
DA:89,0
DA:90,0
DA:91,0
DA:97,0
DA:121,0
DA:127,0
DA:146,0
DA:156,1
LF:57
LH:4
BRDA:23,0,0,0
BRDA:23,0,1,0
BRDA:29,1,0,0
BRDA:33,2,0,0
BRDA:56,3,0,0
BRDA:56,3,1,0
BRDA:62,4,0,0
BRDA:63,5,0,0
BRDA:69,6,0,0
BRDA:73,7,0,0
BRDA:74,8,0,0
BRDA:76,9,0,0
BRDA:80,10,0,0
BRDA:83,11,0,0
BRDA:83,11,1,0
BRDA:84,12,0,0
BRDA:89,13,0,0
BRDA:115,14,0,0
BRDA:115,14,1,0
BRF:19
BRH:0
end_of_record
TN:
SF:src\shared\components\ErrorBoundary.tsx
FN:20,(anonymous_0)
FN:25,(anonymous_1)
FN:29,(anonymous_2)
FN:41,(anonymous_3)
FN:77,(anonymous_4)
FNF:5
FNH:4
FNDA:23,(anonymous_0)
FNDA:8,(anonymous_1)
FNDA:4,(anonymous_2)
FNDA:30,(anonymous_3)
FNDA:0,(anonymous_4)
DA:6,2
DA:7,2
DA:20,2
DA:21,22
DA:26,8
DA:30,4
DA:36,4
DA:37,1
DA:42,30
DA:44,8
DA:45,2
DA:49,6
DA:77,0
DA:94,22
DA:98,2
LF:15
LH:14
BRDA:36,0,0,1
BRDA:42,1,0,8
BRDA:44,2,0,2
BRF:3
BRH:3
end_of_record
TN:
SF:src\shared\components\ui\Button.tsx
FN:22,(anonymous_0)
FN:222,(anonymous_1)
FNF:2
FNH:1
FNDA:9,(anonymous_0)
FNDA:0,(anonymous_1)
DA:6,1
DA:7,1
DA:21,1
DA:38,9
DA:40,9
DA:78,9
DA:182,9
DA:202,9
DA:210,9
DA:215,9
DA:222,9
DA:223,0
DA:235,9
DA:280,1
DA:282,1
LF:15
LH:14
BRDA:25,0,0,0
BRDA:26,1,0,1
BRDA:27,2,0,9
BRDA:28,3,0,3
BRDA:29,4,0,9
BRDA:32,5,0,9
BRDA:196,6,0,0
BRDA:196,6,1,9
BRDA:202,7,0,2
BRDA:202,7,1,7
BRDA:202,8,0,9
BRDA:202,8,1,7
BRDA:241,9,0,9
BRDA:241,9,1,7
BRDA:244,10,0,9
BRDA:244,10,1,0
BRDA:245,11,0,9
BRDA:245,11,1,9
BRDA:245,11,2,0
BRDA:254,12,0,0
BRDA:254,12,1,9
BRDA:258,13,0,9
BRDA:258,13,1,9
BRDA:258,13,2,0
BRF:24
BRH:18
end_of_record
TN:
SF:src\shared\components\ui\Card.tsx
FN:23,(anonymous_0)
FN:112,(anonymous_1)
FN:118,(anonymous_2)
FN:151,(anonymous_3)
FN:170,(anonymous_4)
FN:194,(anonymous_5)
FN:212,(anonymous_6)
FNF:7
FNH:1
FNDA:4,(anonymous_0)
FNDA:0,(anonymous_1)
FNDA:0,(anonymous_2)
FNDA:0,(anonymous_3)
FNDA:0,(anonymous_4)
FNDA:0,(anonymous_5)
FNDA:0,(anonymous_6)
DA:6,1
DA:7,1
DA:22,1
DA:39,4
DA:41,4
DA:56,4
DA:79,4
DA:89,4
DA:97,4
DA:105,4
DA:112,4
DA:113,0
DA:114,0
DA:118,4
DA:119,0
DA:120,0
DA:121,0
DA:125,4
DA:144,1
DA:147,1
DA:151,1
DA:152,0
DA:165,1
DA:170,1
DA:171,0
DA:173,0
DA:190,1
DA:194,1
DA:195,0
DA:208,1
DA:212,1
DA:213,0
DA:230,1
LF:33
LH:23
BRDA:26,0,0,4
BRDA:27,1,0,4
BRDA:28,2,0,4
BRDA:29,3,0,4
BRDA:30,4,0,4
BRDA:89,5,0,0
BRDA:89,5,1,4
BRDA:89,6,0,4
BRDA:89,6,1,0
BRDA:97,7,0,0
BRDA:97,7,1,4
BRDA:113,8,0,0
BRDA:113,9,0,0
BRDA:113,9,1,0
BRDA:113,9,2,0
BRDA:119,10,0,0
BRDA:119,11,0,0
BRDA:119,11,1,0
BRDA:119,11,2,0
BRDA:119,11,3,0
BRDA:132,12,0,0
BRDA:132,12,1,4
BRDA:132,13,0,4
BRDA:132,13,1,0
BRDA:133,14,0,4
BRDA:133,14,1,4
BRDA:133,15,0,0
BRDA:133,15,1,4
BRDA:151,16,0,0
BRDA:170,17,0,0
BRDA:170,18,0,0
BRDA:194,19,0,0
BRDA:212,20,0,0
BRF:33
BRH:13
end_of_record
TN:
SF:src\shared\components\ui\ErrorMessage.tsx
FN:21,(anonymous_0)
FN:30,(anonymous_1)
FN:43,(anonymous_2)
FN:99,(anonymous_3)
FN:107,(anonymous_4)
FN:116,(anonymous_5)
FN:124,(anonymous_6)
FN:133,(anonymous_7)
FN:146,(anonymous_8)
FN:157,(anonymous_9)
FN:168,(anonymous_10)
FNF:11
FNH:0
FNDA:0,(anonymous_0)
FNDA:0,(anonymous_1)
FNDA:0,(anonymous_2)
FNDA:0,(anonymous_3)
FNDA:0,(anonymous_4)
FNDA:0,(anonymous_5)
FNDA:0,(anonymous_6)
FNDA:0,(anonymous_7)
FNDA:0,(anonymous_8)
FNDA:0,(anonymous_9)
FNDA:0,(anonymous_10)
DA:7,1
DA:21,1
DA:30,0
DA:31,0
DA:33,0
DA:35,0
DA:37,0
DA:39,0
DA:43,0
DA:44,0
DA:46,0
DA:48,0
DA:50,0
DA:52,0
DA:54,0
DA:58,0
DA:99,1
DA:100,0
DA:107,1
DA:108,0
DA:116,1
DA:117,0
DA:124,1
DA:125,0
DA:133,1
DA:146,1
DA:147,0
DA:149,0
DA:151,0
DA:153,0
DA:157,1
DA:158,0
DA:160,0
DA:162,0
DA:164,0
DA:168,1
DA:169,0
DA:171,0
DA:173,0
DA:175,0
DA:179,1
DA:186,1
DA:191,1
DA:198,1
DA:204,1
DA:215,1
LF:46
LH:16
BRDA:23,0,0,0
BRDA:31,1,0,0
BRDA:31,1,1,0
BRDA:31,1,2,0
BRDA:31,1,3,0
BRDA:44,2,0,0
BRDA:46,3,0,0
BRDA:46,3,1,0
BRDA:46,3,2,0
BRDA:46,3,3,0
BRDA:68,4,0,0
BRDA:68,4,1,0
BRDA:71,5,0,0
BRDA:71,5,1,0
BRDA:71,5,2,0
BRDA:79,6,0,0
BRDA:79,6,1,0
BRDA:147,7,0,0
BRDA:147,7,1,0
BRDA:147,7,2,0
BRDA:158,8,0,0
BRDA:158,8,1,0
BRDA:158,8,2,0
BRDA:169,9,0,0
BRDA:169,9,1,0
BRDA:169,9,2,0
BRF:26
BRH:0
end_of_record
TN:
SF:src\shared\components\ui\FormField.tsx
FN:33,(anonymous_0)
FN:73,(anonymous_1)
FN:95,(anonymous_2)
FN:147,(anonymous_3)
FN:178,(anonymous_4)
FNF:5
FNH:3
FNDA:2,(anonymous_0)
FNDA:2,(anonymous_1)
FNDA:0,(anonymous_2)
FNDA:0,(anonymous_3)
FNDA:2,(anonymous_4)
DA:6,1
DA:30,1
DA:54,2
DA:55,2
DA:60,2
DA:73,2
DA:74,2
DA:76,0
DA:85,0
DA:96,0
DA:104,2
DA:119,2
DA:144,1
DA:147,1
DA:148,0
DA:156,1
DA:163,1
DA:173,1
DA:178,2
DA:191,1
DA:198,1
DA:208,1
LF:22
LH:18
BRDA:36,0,0,0
BRDA:40,1,0,2
BRDA:41,2,0,2
BRDA:45,3,0,2
BRDA:55,4,0,2
BRDA:55,4,1,2
BRDA:56,5,0,0
BRDA:56,5,1,2
BRDA:57,6,0,0
BRDA:57,6,1,2
BRDA:74,7,0,0
BRDA:74,7,1,0
BRDA:74,7,2,2
BRDA:90,8,0,0
BRDA:90,8,1,0
BRDA:123,9,0,2
BRDA:123,9,1,0
BRDA:128,10,0,2
BRDA:128,10,1,0
BRDA:128,10,2,0
BRDA:134,11,0,2
BRDA:134,11,1,0
BRDA:181,12,0,0
BRDA:181,12,1,2
BRF:24
BRH:12
end_of_record
TN:
SF:src\shared\components\ui\LoadingSpinner.tsx
FN:14,(anonymous_0)
FNF:1
FNH:1
FNDA:1,(anonymous_0)
DA:14,1
DA:19,1
DA:25,1
DA:35,1
DA:44,1
DA:69,1
LF:6
LH:6
BRDA:15,0,0,0
BRDA:16,1,0,0
BRDA:17,2,0,1
BRDA:32,3,0,1
BRDA:32,3,1,0
BRDA:39,4,0,1
BRDA:39,4,1,0
BRDA:41,5,0,1
BRDA:41,5,1,0
BRDA:47,6,0,1
BRDA:47,6,1,1
BRF:11
BRH:6
end_of_record
TN:
SF:src\shared\components\ui\PageContainer.tsx
FN:20,(anonymous_1)
FN:67,(anonymous_2)
FNF:2
FNH:2
FNDA:3,(anonymous_1)
FNDA:3,(anonymous_2)
DA:7,1
DA:20,1
DA:30,3
DA:67,3
DA:80,1
DA:92,1
DA:101,1
DA:105,1
DA:113,1
DA:120,1
DA:127,1
DA:133,1
LF:12
LH:12
BRDA:25,0,0,3
BRDA:27,1,0,3
BRDA:28,2,0,3
BRDA:33,3,0,3
BRDA:33,3,1,3
BRDA:40,4,0,3
BRDA:40,4,1,0
BRDA:40,4,2,3
BRDA:42,5,0,3
BRDA:42,5,1,3
BRDA:45,6,0,3
BRDA:45,6,1,3
BRDA:50,7,0,3
BRDA:50,7,1,3
BRDA:73,8,0,0
BRDA:73,8,1,3
BRDA:74,9,0,0
BRDA:74,9,1,3
BRDA:75,10,0,0
BRDA:75,10,1,3
BRDA:76,11,0,0
BRDA:76,11,1,3
BRDA:77,12,0,0
BRDA:77,12,1,3
BRF:24
BRH:18
end_of_record
TN:
SF:src\shared\components\ui\ThemeSwitcher.tsx
FN:67,(anonymous_0)
FN:79,(anonymous_1)
FN:80,(anonymous_2)
FN:87,(anonymous_3)
FN:91,(anonymous_4)
FN:92,(anonymous_5)
FN:99,(anonymous_6)
FN:115,(anonymous_7)
FN:129,(anonymous_8)
FN:175,(anonymous_9)
FN:178,(anonymous_10)
FN:253,(anonymous_11)
FN:256,(anonymous_12)
FNF:13
FNH:5
FNDA:3,(anonymous_0)
FNDA:1,(anonymous_1)
FNDA:0,(anonymous_2)
FNDA:1,(anonymous_3)
FNDA:1,(anonymous_4)
FNDA:0,(anonymous_5)
FNDA:1,(anonymous_6)
FNDA:0,(anonymous_7)
FNDA:0,(anonymous_8)
FNDA:0,(anonymous_9)
FNDA:0,(anonymous_10)
FNDA:0,(anonymous_11)
FNDA:0,(anonymous_12)
DA:6,1
DA:7,1
DA:19,1
DA:61,1
DA:67,1
DA:74,3
DA:75,3
DA:76,3
DA:79,3
DA:80,1
DA:81,0
DA:82,0
DA:86,1
DA:87,1
DA:91,3
DA:92,1
DA:93,0
DA:94,0
DA:98,1
DA:99,1
DA:102,3
DA:108,3
DA:115,3
DA:116,0
DA:117,0
DA:121,3
DA:122,3
DA:129,0
DA:176,0
DA:178,0
DA:216,0
DA:217,0
DA:242,0
DA:243,0
DA:254,0
DA:256,0
DA:277,0
DA:280,1
LF:38
LH:22
BRDA:68,0,0,0
BRDA:69,1,0,0
BRDA:70,2,0,3
BRDA:71,3,0,0
BRDA:72,4,0,3
BRDA:81,5,0,0
BRDA:81,6,0,0
BRDA:81,6,1,0
BRDA:93,7,0,0
BRDA:93,8,0,0
BRDA:93,8,1,0
BRDA:121,9,0,3
BRDA:145,10,0,3
BRDA:145,10,1,0
BRDA:148,11,0,0
BRDA:148,11,1,0
BRDA:152,12,0,0
BRDA:152,12,1,3
BRDA:161,13,0,3
BRDA:161,13,1,0
BRDA:167,14,0,0
BRDA:167,14,1,0
BRDA:182,15,0,0
BRDA:182,15,1,0
BRDA:188,16,0,0
BRDA:188,16,1,0
BRDA:192,17,0,0
BRDA:192,17,1,0
BRDA:197,18,0,0
BRDA:197,18,1,0
BRDA:216,19,0,0
BRDA:233,20,0,0
BRDA:233,20,1,0
BRDA:236,21,0,0
BRDA:236,21,1,0
BRDA:242,22,0,0
BRDA:260,23,0,0
BRDA:260,23,1,0
BRDA:270,24,0,0
BRDA:270,24,1,0
BRF:40
BRH:6
end_of_record
TN:
SF:src\shared\hooks\useAuth.ts
FN:20,(anonymous_0)
FN:28,(anonymous_1)
FN:29,(anonymous_2)
FN:33,(anonymous_3)
FN:104,(anonymous_4)
FNF:5
FNH:4
FNDA:23,(anonymous_0)
FNDA:13,(anonymous_1)
FNDA:0,(anonymous_2)
FNDA:6,(anonymous_3)
FNDA:13,(anonymous_4)
DA:6,2
DA:8,2
DA:9,2
DA:11,2
DA:20,2
DA:21,23
DA:28,23
DA:29,13
DA:31,13
DA:32,13
DA:33,13
DA:34,6
DA:35,6
DA:36,4
DA:38,4
DA:40,4
DA:41,2
DA:48,2
DA:50,2
DA:58,2
DA:66,2
DA:67,2
DA:75,0
DA:76,0
DA:86,0
DA:87,0
DA:95,0
DA:96,0
DA:104,13
DA:105,13
DA:106,8
DA:111,23
DA:114,2
LF:33
LH:27
BRDA:32,0,0,13
BRDA:32,0,1,0
BRDA:32,1,0,13
BRDA:32,1,1,13
BRDA:35,2,0,4
BRDA:35,2,1,2
BRDA:52,3,0,2
BRDA:52,3,1,0
BRDA:53,4,0,2
BRDA:53,4,1,2
BRDA:105,5,0,8
BRF:11
BRH:9
end_of_record
TN:
SF:src\shared\hooks\useService.ts
FN:11,useService
FN:18,(anonymous_1)
FN:19,(anonymous_2)
FN:27,(anonymous_3)
FNF:4
FNH:3
FNDA:3,useService
FNDA:1,(anonymous_1)
FNDA:1,(anonymous_2)
FNDA:0,(anonymous_3)
DA:5,1
DA:11,1
DA:12,3
DA:18,3
DA:19,1
DA:21,1
DA:22,1
DA:24,1
DA:27,3
DA:28,0
DA:35,3
DA:42,1
LF:12
LH:11
BRF:0
BRH:0
end_of_record
TN:
SF:src\shared\hooks\useTheme.ts
FN:39,(anonymous_0)
FN:46,(anonymous_1)
FN:65,(anonymous_2)
FN:77,(anonymous_3)
FN:82,(anonymous_4)
FN:100,(anonymous_5)
FN:117,(anonymous_6)
FN:120,(anonymous_7)
FN:148,(anonymous_8)
FN:165,(anonymous_9)
FN:177,(anonymous_10)
FN:197,(anonymous_11)
FNF:12
FNH:12
FNDA:34,(anonymous_0)
FNDA:29,(anonymous_1)
FNDA:29,(anonymous_2)
FNDA:29,(anonymous_3)
FNDA:1,(anonymous_4)
FNDA:27,(anonymous_5)
FNDA:28,(anonymous_6)
FNDA:28,(anonymous_7)
FNDA:5,(anonymous_8)
FNDA:28,(anonymous_9)
FNDA:5,(anonymous_10)
FNDA:3,(anonymous_11)
DA:6,4
DA:7,4
DA:31,4
DA:39,4
DA:40,34
DA:46,34
DA:47,29
DA:48,29
DA:50,29
DA:51,27
DA:53,27
DA:54,19
DA:57,8
DA:59,2
DA:60,2
DA:65,34
DA:66,29
DA:68,29
DA:69,29
DA:71,1
DA:72,1
DA:77,34
DA:78,29
DA:80,28
DA:82,27
DA:83,1
DA:84,1
DA:86,1
DA:93,27
DA:94,26
DA:97,1
DA:100,27
DA:101,27
DA:102,26
DA:105,1
DA:111,34
DA:112,34
DA:113,34
DA:114,34
DA:117,34
DA:118,28
DA:120,28
DA:121,28
DA:122,28
DA:125,28
DA:126,28
DA:129,28
DA:131,28
DA:132,28
DA:133,28
DA:135,0
DA:139,28
DA:142,28
DA:143,28
DA:144,28
DA:145,28
DA:148,28
DA:149,5
DA:153,28
DA:161,28
DA:165,34
DA:166,28
DA:168,28
DA:169,28
DA:171,0
DA:176,34
DA:178,5
DA:180,4
DA:181,4
DA:182,0
DA:183,0
DA:186,4
DA:187,4
DA:197,34
DA:198,3
DA:199,3
DA:200,3
DA:201,3
DA:203,3
DA:206,34
DA:218,4
LF:81
LH:77
BRDA:39,0,0,17
BRDA:48,1,0,0
BRDA:53,2,0,19
BRDA:53,3,0,27
BRDA:53,3,1,21
BRDA:66,4,0,0
BRDA:69,5,0,1
BRDA:69,5,1,27
BRDA:78,6,0,1
BRDA:78,7,0,29
BRDA:78,7,1,28
BRDA:83,8,0,1
BRDA:83,8,1,0
BRDA:93,9,0,26
BRDA:93,9,1,1
BRDA:101,10,0,26
BRDA:101,10,1,1
BRDA:111,11,0,22
BRDA:111,11,1,12
BRDA:118,12,0,0
BRDA:131,13,0,28
BRDA:131,13,1,0
BRDA:142,14,0,28
BRDA:166,15,0,0
BRDA:178,16,0,1
BRDA:181,17,0,0
BRDA:190,18,0,1
BRDA:190,18,1,3
BRF:28
BRH:21
end_of_record
TN:
SF:src\shared\services\user.service.ts
FN:5,getUserProfile
FN:11,getCompaniesByIds
FN:16,(anonymous_2)
FN:17,(anonymous_3)
FNF:4
FNH:0
FNDA:0,getUserProfile
FNDA:0,getCompaniesByIds
FNDA:0,(anonymous_2)
FNDA:0,(anonymous_3)
DA:1,2
DA:2,2
DA:5,2
DA:6,0
DA:7,0
DA:8,0
DA:11,2
DA:12,0
DA:13,0
DA:14,0
DA:15,0
DA:16,0
DA:17,0
LF:13
LH:4
BRDA:8,0,0,0
BRDA:8,0,1,0
BRDA:12,1,0,0
BRF:3
BRH:0
end_of_record
TN:
SF:src\shared\utils\logger.ts
FN:8,(anonymous_0)
FN:19,(anonymous_1)
FN:24,(anonymous_2)
FN:39,(anonymous_3)
FN:43,(anonymous_4)
FN:49,(anonymous_5)
FN:55,(anonymous_6)
FN:61,(anonymous_7)
FN:67,(anonymous_8)
FNF:9
FNH:7
FNDA:1,(anonymous_0)
FNDA:1,(anonymous_1)
FNDA:1,(anonymous_2)
FNDA:2,(anonymous_3)
FNDA:2,(anonymous_4)
FNDA:1,(anonymous_5)
FNDA:0,(anonymous_6)
FNDA:0,(anonymous_7)
FNDA:1,(anonymous_8)
DA:6,1
DA:8,1
DA:9,1
DA:10,1
DA:11,1
DA:12,1
DA:20,1
DA:21,1
DA:25,1
DA:27,1
DA:29,0
DA:31,0
DA:33,0
DA:35,0
DA:40,2
DA:44,2
DA:45,2
DA:46,2
DA:50,1
DA:51,1
DA:56,0
DA:57,0
DA:62,0
DA:63,0
DA:68,1
DA:69,1
DA:70,1
DA:72,1
DA:73,1
DA:74,1
DA:75,1
DA:82,1
DA:83,1
LF:33
LH:25
BRDA:8,0,0,1
BRDA:8,0,1,1
BRDA:25,1,0,1
BRDA:25,1,1,0
BRDA:25,1,2,0
BRDA:25,1,3,0
BRDA:25,1,4,0
BRDA:45,2,0,1
BRDA:45,2,1,1
BRDA:50,3,0,1
BRDA:50,4,0,1
BRDA:50,4,1,1
BRDA:56,5,0,0
BRDA:56,6,0,0
BRDA:56,6,1,0
BRDA:62,7,0,0
BRDA:62,8,0,0
BRDA:62,8,1,0
BRDA:68,9,0,1
BRDA:69,10,0,1
BRDA:69,10,1,0
BRDA:72,11,0,1
BRDA:74,12,0,1
BRF:23
BRH:12
end_of_record
TN:
SF:src\shared\utils\test-utils.tsx
FN:11,(anonymous_4)
FN:32,(anonymous_5)
FN:42,(anonymous_6)
FN:46,(anonymous_7)
FN:54,(anonymous_8)
FN:64,(anonymous_9)
FN:72,(anonymous_10)
FNF:7
FNH:4
FNDA:4,(anonymous_4)
FNDA:3,(anonymous_5)
FNDA:13,(anonymous_6)
FNDA:9,(anonymous_7)
FNDA:0,(anonymous_8)
FNDA:0,(anonymous_9)
FNDA:0,(anonymous_10)
DA:7,2
DA:8,2
DA:11,4
DA:32,3
DA:42,2
DA:43,13
DA:46,2
DA:47,9
DA:50,2
DA:51,2
DA:54,2
DA:64,2
DA:72,2
DA:80,2
LF:14
LH:14
BRDA:54,0,0,0
BRDA:64,1,0,0
BRDA:72,2,0,0
BRF:3
BRH:0
end_of_record
