TN:
SF:src\core\providers\AppProvider.tsx
FN:16,(anonymous_0)
FN:17,(anonymous_1)
FNF:2
FNH:1
FNDA:13,(anonymous_0)
FNDA:0,(anonymous_1)
DA:7,2
DA:8,2
DA:9,2
DA:10,2
DA:16,2
DA:17,13
DA:18,0
DA:23,13
DA:32,2
LF:9
LH:8
BRF:0
BRH:0
end_of_record
TN:
SF:src\core\providers\AuthProvider.tsx
FN:24,(anonymous_0)
FN:30,(anonymous_1)
FNF:2
FNH:2
FNDA:23,(anonymous_0)
FNDA:7,(anonymous_1)
DA:6,2
DA:7,2
DA:18,2
DA:24,2
DA:25,23
DA:27,23
DA:30,2
DA:31,7
DA:32,7
DA:33,0
DA:35,7
DA:38,2
LF:12
LH:11
BRDA:32,0,0,0
BRF:1
BRH:0
end_of_record
TN:
SF:src\core\providers\ThemeProvider.tsx
FN:32,(anonymous_9)
FN:49,(anonymous_10)
FN:50,(anonymous_11)
FN:53,(anonymous_12)
FN:64,(anonymous_13)
FN:78,(anonymous_14)
FN:87,(anonymous_15)
FN:95,(anonymous_16)
FN:101,(anonymous_17)
FN:110,(anonymous_18)
FNF:10
FNH:5
FNDA:13,(anonymous_9)
FNDA:9,(anonymous_10)
FNDA:9,(anonymous_11)
FNDA:9,(anonymous_12)
FNDA:9,(anonymous_13)
FNDA:0,(anonymous_14)
FNDA:0,(anonymous_15)
FNDA:0,(anonymous_16)
FNDA:0,(anonymous_17)
FNDA:0,(anonymous_18)
DA:6,2
DA:7,2
DA:8,2
DA:21,2
DA:32,2
DA:40,13
DA:49,13
DA:50,9
DA:51,9
DA:53,9
DA:54,0
DA:56,9
DA:60,9
DA:64,13
DA:65,9
DA:66,0
DA:75,13
DA:78,2
DA:79,0
DA:80,0
DA:81,0
DA:83,0
DA:87,2
DA:88,0
DA:90,0
DA:96,0
DA:97,0
DA:102,0
DA:103,0
DA:111,0
DA:116,2
LF:31
LH:18
BRDA:34,0,0,13
BRDA:35,1,0,13
BRDA:36,2,0,13
BRDA:37,3,0,13
BRDA:38,4,0,13
BRDA:65,5,0,0
BRDA:80,6,0,0
BRDA:96,7,0,0
BRDA:102,8,0,0
BRDA:111,9,0,0
BRDA:111,9,1,0
BRF:11
BRH:5
end_of_record
TN:
SF:src\core\providers\auth.provider.ts
FN:19,(anonymous_0)
FN:23,(anonymous_1)
FN:35,(anonymous_2)
FN:70,(anonymous_3)
FN:81,(anonymous_4)
FNF:5
FNH:0
FNDA:0,(anonymous_0)
FNDA:0,(anonymous_1)
FNDA:0,(anonymous_2)
FNDA:0,(anonymous_3)
FNDA:0,(anonymous_4)
DA:6,1
DA:14,1
DA:15,1
DA:17,1
DA:19,1
DA:20,0
DA:23,1
DA:24,0
DA:25,0
DA:26,0
DA:27,0
DA:28,0
DA:30,0
DA:31,0
DA:35,1
DA:36,0
DA:37,0
DA:39,0
DA:42,0
DA:43,0
DA:44,0
DA:46,0
DA:53,0
DA:62,0
DA:63,0
DA:65,0
DA:66,0
DA:70,1
DA:71,0
DA:72,0
DA:73,0
DA:74,0
DA:76,0
DA:77,0
DA:81,1
DA:82,0
DA:83,0
DA:84,0
DA:85,0
DA:87,0
DA:88,0
DA:93,1
DA:94,1
DA:95,1
LF:44
LH:12
BRDA:44,0,0,0
BRDA:44,0,1,0
BRDA:56,1,0,0
BRDA:56,1,1,0
BRF:4
BRH:0
end_of_record
TN:
SF:src\features\staff\components\StaffForm.tsx
FN:30,(anonymous_0)
FN:38,(anonymous_1)
FN:39,(anonymous_2)
FN:48,(anonymous_3)
FN:57,(anonymous_4)
FN:83,(anonymous_5)
FN:89,(anonymous_6)
FN:97,(anonymous_7)
FN:103,(anonymous_8)
FN:112,(anonymous_9)
FN:116,(anonymous_10)
FN:125,(anonymous_11)
FN:137,(anonymous_12)
FN:142,(anonymous_13)
FN:150,(anonymous_14)
FN:155,(anonymous_15)
FN:162,(anonymous_16)
FN:168,(anonymous_17)
FN:174,(anonymous_18)
FN:181,(anonymous_19)
FN:189,(anonymous_20)
FN:194,(anonymous_21)
FNF:22
FNH:1
FNDA:1,(anonymous_0)
FNDA:0,(anonymous_1)
FNDA:0,(anonymous_2)
FNDA:0,(anonymous_3)
FNDA:0,(anonymous_4)
FNDA:0,(anonymous_5)
FNDA:0,(anonymous_6)
FNDA:0,(anonymous_7)
FNDA:0,(anonymous_8)
FNDA:0,(anonymous_9)
FNDA:0,(anonymous_10)
FNDA:0,(anonymous_11)
FNDA:0,(anonymous_12)
FNDA:0,(anonymous_13)
FNDA:0,(anonymous_14)
FNDA:0,(anonymous_15)
FNDA:0,(anonymous_16)
FNDA:0,(anonymous_17)
FNDA:0,(anonymous_18)
FNDA:0,(anonymous_19)
FNDA:0,(anonymous_20)
FNDA:0,(anonymous_21)
DA:1,1
DA:2,1
DA:4,1
DA:30,1
DA:34,1
DA:35,1
DA:36,1
DA:38,1
DA:39,0
DA:48,1
DA:49,0
DA:50,0
DA:51,0
DA:52,0
DA:53,0
DA:54,0
DA:57,1
DA:58,0
DA:59,0
DA:60,0
DA:61,0
DA:63,0
DA:64,0
DA:65,0
DA:66,0
DA:67,0
DA:68,0
DA:70,0
DA:72,0
DA:76,1
DA:83,0
DA:89,0
DA:97,0
DA:103,0
DA:112,0
DA:116,0
DA:125,0
DA:137,0
DA:142,0
DA:150,0
DA:155,0
DA:162,0
DA:168,0
DA:174,0
DA:181,0
DA:189,0
DA:194,0
DA:209,1
LF:48
LH:12
BRDA:51,0,0,0
BRDA:51,1,0,0
BRDA:51,1,1,0
BRDA:51,1,2,0
BRDA:51,1,3,0
BRDA:51,1,4,0
BRDA:52,2,0,0
BRDA:52,3,0,0
BRDA:52,3,1,0
BRDA:52,3,2,0
BRDA:53,4,0,0
BRDA:53,5,0,0
BRDA:53,5,1,0
BRDA:59,6,0,0
BRDA:70,7,0,0
BRDA:70,7,1,0
BRDA:198,8,0,0
BRDA:198,8,1,1
BRDA:200,9,0,1
BRDA:200,9,1,0
BRF:20
BRH:2
end_of_record
TN:
SF:src\features\staff\components\StaffImportExport.tsx
FN:39,(anonymous_1)
FN:57,validateRow
FN:87,(anonymous_3)
FN:98,(anonymous_4)
FN:110,(anonymous_5)
FN:120,(anonymous_6)
FN:124,(anonymous_7)
FN:141,(anonymous_8)
FN:149,(anonymous_9)
FN:163,(anonymous_10)
FN:202,(anonymous_11)
FN:202,(anonymous_12)
FN:222,(anonymous_13)
FN:248,(anonymous_14)
FN:260,(anonymous_15)
FNF:15
FNH:1
FNDA:1,(anonymous_1)
FNDA:0,validateRow
FNDA:0,(anonymous_3)
FNDA:0,(anonymous_4)
FNDA:0,(anonymous_5)
FNDA:0,(anonymous_6)
FNDA:0,(anonymous_7)
FNDA:0,(anonymous_8)
FNDA:0,(anonymous_9)
FNDA:0,(anonymous_10)
FNDA:0,(anonymous_11)
FNDA:0,(anonymous_12)
FNDA:0,(anonymous_13)
FNDA:0,(anonymous_14)
FNDA:0,(anonymous_15)
DA:1,1
DA:2,1
DA:3,1
DA:5,1
DA:10,1
DA:39,1
DA:44,1
DA:45,1
DA:46,1
DA:50,1
DA:51,1
DA:52,1
DA:53,1
DA:54,1
DA:58,0
DA:59,0
DA:60,0
DA:64,0
DA:65,0
DA:67,0
DA:69,0
DA:70,0
DA:72,0
DA:73,0
DA:76,0
DA:77,0
DA:80,0
DA:81,0
DA:83,0
DA:87,1
DA:88,0
DA:89,0
DA:90,0
DA:91,0
DA:92,0
DA:93,0
DA:94,0
DA:95,0
DA:99,0
DA:100,0
DA:101,0
DA:102,0
DA:103,0
DA:104,0
DA:105,0
DA:106,0
DA:107,0
DA:108,0
DA:109,0
DA:110,0
DA:111,0
DA:113,0
DA:114,0
DA:115,0
DA:117,0
DA:118,0
DA:120,0
DA:122,0
DA:123,0
DA:124,0
DA:135,0
DA:136,0
DA:138,0
DA:142,0
DA:143,0
DA:149,1
DA:150,0
DA:151,0
DA:152,0
DA:153,0
DA:154,0
DA:155,0
DA:156,0
DA:157,0
DA:158,0
DA:159,0
DA:163,1
DA:164,0
DA:165,0
DA:166,0
DA:167,0
DA:168,0
DA:169,0
DA:170,0
DA:173,1
DA:202,0
DA:223,0
DA:249,0
DA:261,0
DA:282,1
LF:90
LH:19
BRDA:59,0,0,0
BRDA:59,1,0,0
BRDA:59,1,1,0
BRDA:64,2,0,0
BRDA:69,3,0,0
BRDA:72,4,0,0
BRDA:76,5,0,0
BRDA:80,6,0,0
BRDA:89,7,0,0
BRDA:107,8,0,0
BRDA:117,9,0,0
BRDA:117,9,1,0
BRDA:135,10,0,0
BRDA:135,10,1,0
BRDA:142,11,0,0
BRDA:142,11,1,0
BRDA:192,12,0,1
BRDA:192,12,1,1
BRDA:193,13,0,1
BRDA:193,13,1,1
BRDA:195,14,0,0
BRDA:195,14,1,1
BRDA:208,15,0,1
BRDA:208,15,1,0
BRDA:213,16,0,1
BRDA:213,16,1,0
BRDA:218,17,0,1
BRDA:218,17,1,0
BRDA:230,18,0,1
BRDA:230,18,1,0
BRDA:233,19,0,0
BRDA:233,19,1,0
BRDA:253,20,0,0
BRDA:253,20,1,0
BRDA:254,21,0,0
BRDA:254,21,1,0
BRDA:256,22,0,0
BRDA:256,22,1,0
BRF:38
BRH:9
end_of_record
TN:
SF:src\features\staff\components\StaffList.tsx
FN:7,(anonymous_1)
FN:15,(anonymous_2)
FN:18,(anonymous_3)
FN:19,(anonymous_4)
FN:23,(anonymous_5)
FN:52,(anonymous_6)
FN:56,(anonymous_7)
FN:56,(anonymous_8)
FN:59,(anonymous_9)
FN:59,(anonymous_10)
FN:63,(anonymous_11)
FN:80,(anonymous_12)
FN:87,(anonymous_13)
FNF:13
FNH:3
FNDA:2,(anonymous_1)
FNDA:1,(anonymous_2)
FNDA:0,(anonymous_3)
FNDA:1,(anonymous_4)
FNDA:0,(anonymous_5)
FNDA:0,(anonymous_6)
FNDA:0,(anonymous_7)
FNDA:0,(anonymous_8)
FNDA:0,(anonymous_9)
FNDA:0,(anonymous_10)
FNDA:0,(anonymous_11)
FNDA:0,(anonymous_12)
FNDA:0,(anonymous_13)
DA:1,1
DA:2,1
DA:3,1
DA:4,1
DA:5,1
DA:7,1
DA:8,2
DA:9,2
DA:10,2
DA:11,2
DA:12,2
DA:13,2
DA:15,2
DA:16,1
DA:18,0
DA:19,1
DA:22,2
DA:24,0
DA:29,2
DA:30,1
DA:31,0
DA:37,1
DA:52,0
DA:56,0
DA:59,0
DA:63,0
DA:81,0
DA:87,0
DA:101,1
LF:29
LH:20
BRDA:18,0,0,0
BRDA:18,0,1,0
BRDA:24,1,0,0
BRDA:24,1,1,0
BRDA:24,1,2,0
BRDA:24,2,0,0
BRDA:24,2,1,0
BRDA:25,3,0,0
BRDA:25,3,1,0
BRDA:26,4,0,0
BRDA:26,4,1,0
BRDA:29,5,0,1
BRDA:30,6,0,0
BRDA:62,7,0,1
BRDA:62,7,1,0
BRDA:65,8,0,1
BRDA:65,8,1,0
BRF:17
BRH:3
end_of_record
TN:
SF:src\features\staff\components\StaffProfile.tsx
FN:4,(anonymous_0)
FN:17,(anonymous_1)
FN:19,(anonymous_2)
FN:23,(anonymous_3)
FN:24,(anonymous_4)
FN:27,(anonymous_5)
FN:38,(anonymous_6)
FN:39,(anonymous_7)
FN:48,(anonymous_8)
FN:72,(anonymous_9)
FN:121,(anonymous_10)
FN:127,(anonymous_11)
FN:146,(anonymous_12)
FNF:13
FNH:0
FNDA:0,(anonymous_0)
FNDA:0,(anonymous_1)
FNDA:0,(anonymous_2)
FNDA:0,(anonymous_3)
FNDA:0,(anonymous_4)
FNDA:0,(anonymous_5)
FNDA:0,(anonymous_6)
FNDA:0,(anonymous_7)
FNDA:0,(anonymous_8)
FNDA:0,(anonymous_9)
FNDA:0,(anonymous_10)
FNDA:0,(anonymous_11)
FNDA:0,(anonymous_12)
DA:1,1
DA:2,1
DA:4,1
DA:9,0
DA:10,0
DA:11,0
DA:12,0
DA:13,0
DA:16,0
DA:17,0
DA:18,0
DA:20,0
DA:21,0
DA:23,0
DA:24,0
DA:27,0
DA:28,0
DA:29,0
DA:30,0
DA:33,0
DA:35,0
DA:38,0
DA:39,0
DA:48,0
DA:49,0
DA:50,0
DA:51,0
DA:52,0
DA:53,0
DA:54,0
DA:56,0
DA:58,0
DA:62,0
DA:63,0
DA:64,0
DA:69,0
DA:72,0
DA:73,0
DA:74,0
DA:75,0
DA:76,0
DA:77,0
DA:80,0
DA:81,0
DA:82,0
DA:83,0
DA:84,0
DA:85,0
DA:86,0
DA:89,0
DA:90,0
DA:91,0
DA:97,0
DA:121,0
DA:127,0
DA:146,0
DA:156,1
LF:57
LH:4
BRDA:23,0,0,0
BRDA:23,0,1,0
BRDA:29,1,0,0
BRDA:33,2,0,0
BRDA:56,3,0,0
BRDA:56,3,1,0
BRDA:62,4,0,0
BRDA:63,5,0,0
BRDA:69,6,0,0
BRDA:73,7,0,0
BRDA:74,8,0,0
BRDA:76,9,0,0
BRDA:80,10,0,0
BRDA:83,11,0,0
BRDA:83,11,1,0
BRDA:84,12,0,0
BRDA:89,13,0,0
BRDA:115,14,0,0
BRDA:115,14,1,0
BRF:19
BRH:0
end_of_record
TN:
SF:src\features\staff\services\staff.service.ts
FN:15,getStaff
FN:17,(anonymous_1)
FN:20,createStaff
FN:24,updateStaff
FN:28,deleteStaff
FN:32,getStaffProfile
FNF:6
FNH:1
FNDA:1,getStaff
FNDA:0,(anonymous_1)
FNDA:0,createStaff
FNDA:0,updateStaff
FNDA:0,deleteStaff
FNDA:0,getStaffProfile
DA:2,1
DA:13,1
DA:15,1
DA:16,1
DA:17,1
DA:20,1
DA:21,0
DA:24,1
DA:25,0
DA:28,1
DA:29,0
DA:32,1
DA:33,0
DA:34,0
LF:14
LH:9
BRDA:34,0,0,0
BRDA:34,0,1,0
BRF:2
BRH:0
end_of_record
TN:
SF:src\shared\components\ErrorBoundary.tsx
FN:20,(anonymous_0)
FN:25,(anonymous_1)
FN:29,(anonymous_2)
FN:41,(anonymous_3)
FN:77,(anonymous_4)
FNF:5
FNH:4
FNDA:23,(anonymous_0)
FNDA:8,(anonymous_1)
FNDA:4,(anonymous_2)
FNDA:30,(anonymous_3)
FNDA:0,(anonymous_4)
DA:6,2
DA:7,2
DA:20,2
DA:21,22
DA:26,8
DA:30,4
DA:36,4
DA:37,1
DA:42,30
DA:44,8
DA:45,2
DA:49,6
DA:77,0
DA:94,22
DA:98,2
LF:15
LH:14
BRDA:36,0,0,1
BRDA:42,1,0,8
BRDA:44,2,0,2
BRF:3
BRH:3
end_of_record
TN:
SF:src\shared\hooks\useAuth.ts
FN:20,(anonymous_0)
FN:28,(anonymous_1)
FN:29,(anonymous_2)
FN:31,(anonymous_3)
FN:63,(anonymous_4)
FNF:5
FNH:4
FNDA:23,(anonymous_0)
FNDA:13,(anonymous_1)
FNDA:0,(anonymous_2)
FNDA:6,(anonymous_3)
FNDA:13,(anonymous_4)
DA:6,2
DA:8,2
DA:9,2
DA:11,2
DA:20,2
DA:21,23
DA:28,23
DA:29,13
DA:30,13
DA:31,13
DA:32,6
DA:33,6
DA:34,4
DA:36,4
DA:37,2
DA:44,2
DA:45,2
DA:53,2
DA:54,2
DA:63,13
DA:64,13
DA:65,8
DA:70,23
DA:73,2
LF:24
LH:24
BRDA:30,0,0,13
BRDA:33,1,0,4
BRDA:33,1,1,2
BRDA:64,2,0,8
BRF:4
BRH:4
end_of_record
TN:
SF:src\shared\hooks\useTheme.ts
FN:39,(anonymous_0)
FN:46,(anonymous_1)
FN:65,(anonymous_2)
FN:77,(anonymous_3)
FN:82,(anonymous_4)
FN:100,(anonymous_5)
FN:117,(anonymous_6)
FN:120,(anonymous_7)
FN:148,(anonymous_8)
FN:165,(anonymous_9)
FN:177,(anonymous_10)
FN:197,(anonymous_11)
FNF:12
FNH:12
FNDA:33,(anonymous_0)
FNDA:28,(anonymous_1)
FNDA:28,(anonymous_2)
FNDA:28,(anonymous_3)
FNDA:1,(anonymous_4)
FNDA:26,(anonymous_5)
FNDA:27,(anonymous_6)
FNDA:27,(anonymous_7)
FNDA:4,(anonymous_8)
FNDA:27,(anonymous_9)
FNDA:5,(anonymous_10)
FNDA:3,(anonymous_11)
DA:6,3
DA:7,3
DA:31,3
DA:39,3
DA:40,33
DA:46,33
DA:47,28
DA:48,28
DA:50,28
DA:51,26
DA:53,26
DA:54,19
DA:57,7
DA:59,2
DA:60,2
DA:65,33
DA:66,28
DA:68,28
DA:69,28
DA:71,1
DA:72,1
DA:77,33
DA:78,28
DA:80,27
DA:82,26
DA:83,1
DA:84,1
DA:86,1
DA:93,26
DA:94,25
DA:97,1
DA:100,26
DA:101,26
DA:102,25
DA:105,1
DA:111,33
DA:112,33
DA:113,33
DA:114,33
DA:117,33
DA:118,27
DA:120,27
DA:121,27
DA:122,27
DA:125,27
DA:126,27
DA:129,27
DA:131,27
DA:132,27
DA:133,27
DA:135,0
DA:139,27
DA:142,27
DA:143,27
DA:144,27
DA:145,27
DA:148,27
DA:149,4
DA:153,27
DA:161,27
DA:165,33
DA:166,27
DA:168,27
DA:169,27
DA:171,0
DA:176,33
DA:178,5
DA:180,4
DA:181,4
DA:182,0
DA:183,0
DA:186,4
DA:187,4
DA:197,33
DA:198,3
DA:199,3
DA:200,3
DA:201,3
DA:203,3
DA:206,33
DA:218,3
LF:81
LH:77
BRDA:39,0,0,17
BRDA:48,1,0,0
BRDA:53,2,0,19
BRDA:53,3,0,26
BRDA:53,3,1,21
BRDA:66,4,0,0
BRDA:69,5,0,1
BRDA:69,5,1,26
BRDA:78,6,0,1
BRDA:78,7,0,28
BRDA:78,7,1,27
BRDA:83,8,0,1
BRDA:83,8,1,0
BRDA:93,9,0,25
BRDA:93,9,1,1
BRDA:101,10,0,25
BRDA:101,10,1,1
BRDA:111,11,0,21
BRDA:111,11,1,12
BRDA:118,12,0,0
BRDA:131,13,0,27
BRDA:131,13,1,0
BRDA:142,14,0,27
BRDA:166,15,0,0
BRDA:178,16,0,1
BRDA:181,17,0,0
BRDA:190,18,0,1
BRDA:190,18,1,3
BRF:28
BRH:21
end_of_record
TN:
SF:src\shared\services\user.service.ts
FN:5,getUserProfile
FN:11,getCompaniesByIds
FN:16,(anonymous_2)
FN:17,(anonymous_3)
FNF:4
FNH:0
FNDA:0,getUserProfile
FNDA:0,getCompaniesByIds
FNDA:0,(anonymous_2)
FNDA:0,(anonymous_3)
DA:1,2
DA:2,2
DA:5,2
DA:6,0
DA:7,0
DA:8,0
DA:11,2
DA:12,0
DA:13,0
DA:14,0
DA:15,0
DA:16,0
DA:17,0
LF:13
LH:4
BRDA:8,0,0,0
BRDA:8,0,1,0
BRDA:12,1,0,0
BRF:3
BRH:0
end_of_record
TN:
SF:src\shared\utils\test-utils.tsx
FN:11,(anonymous_4)
FN:32,(anonymous_5)
FN:42,(anonymous_6)
FN:46,(anonymous_7)
FN:54,(anonymous_8)
FN:64,(anonymous_9)
FN:72,(anonymous_10)
FNF:7
FNH:4
FNDA:4,(anonymous_4)
FNDA:3,(anonymous_5)
FNDA:13,(anonymous_6)
FNDA:9,(anonymous_7)
FNDA:0,(anonymous_8)
FNDA:0,(anonymous_9)
FNDA:0,(anonymous_10)
DA:7,2
DA:8,2
DA:11,4
DA:32,3
DA:42,2
DA:43,13
DA:46,2
DA:47,9
DA:50,2
DA:51,2
DA:54,2
DA:64,2
DA:72,2
DA:80,2
LF:14
LH:14
BRDA:54,0,0,0
BRDA:64,1,0,0
BRDA:72,2,0,0
BRF:3
BRH:0
end_of_record
